<?xml version="1.0" encoding="UTF-8"?>
<coverage generated="1747199799794" clover="3.2.0">
  <project timestamp="1747199799794" name="All files">
    <metrics statements="31" coveredstatements="31" conditionals="11" coveredconditionals="11" methods="5" coveredmethods="5" elements="47" coveredelements="47" complexity="0" loc="31" ncloc="31" packages="1" files="1" classes="1"/>
    <file name="Success.tsx" path="C:\Users\sparsh.yadav\Desktop\movie_explorer_reactjs_sparsh_yadav\src\pages\SubscriptionPage\Success\Success.tsx">
      <metrics statements="31" coveredstatements="31" conditionals="11" coveredconditionals="11" methods="5" coveredmethods="5"/>
      <line num="1" count="1" type="stmt"/>
      <line num="2" count="1" type="stmt"/>
      <line num="3" count="1" type="stmt"/>
      <line num="4" count="1" type="stmt"/>
      <line num="5" count="1" type="stmt"/>
      <line num="12" count="1" type="stmt"/>
      <line num="13" count="17" type="stmt"/>
      <line num="14" count="17" type="stmt"/>
      <line num="15" count="17" type="stmt"/>
      <line num="16" count="17" type="stmt"/>
      <line num="18" count="17" type="stmt"/>
      <line num="19" count="9" type="stmt"/>
      <line num="20" count="9" type="stmt"/>
      <line num="21" count="9" type="stmt"/>
      <line num="23" count="9" type="cond" truecount="1" falsecount="0"/>
      <line num="24" count="2" type="stmt"/>
      <line num="25" count="2" type="stmt"/>
      <line num="26" count="2" type="stmt"/>
      <line num="29" count="7" type="stmt"/>
      <line num="30" count="7" type="stmt"/>
      <line num="31" count="5" type="stmt"/>
      <line num="33" count="5" type="cond" truecount="2" falsecount="0"/>
      <line num="34" count="5" type="stmt"/>
      <line num="36" count="2" type="stmt"/>
      <line num="37" count="2" type="stmt"/>
      <line num="40" count="2" type="stmt"/>
      <line num="44" count="9" type="stmt"/>
      <line num="47" count="17" type="stmt"/>
      <line num="61" count="1" type="stmt"/>
      <line num="80" count="1" type="stmt"/>
      <line num="93" count="1" type="stmt"/>
    </file>
  </project>
</coverage>
