<?xml version="1.0" encoding="UTF-8"?>
<coverage generated="1746530751738" clover="3.2.0">
  <project timestamp="1746530751738" name="All files">
    <metrics statements="43" coveredstatements="41" conditionals="12" coveredconditionals="11" methods="10" coveredmethods="9" elements="65" coveredelements="61" complexity="0" loc="43" ncloc="43" packages="1" files="1" classes="1"/>
    <file name="BornToday.tsx" path="C:\Users\sparsh.yadav\Desktop\movie_explorer_reactjs_sparsh_yadav\src\components\BornToday\BornToday.tsx">
      <metrics statements="43" coveredstatements="41" conditionals="12" coveredconditionals="11" methods="10" coveredmethods="9"/>
      <line num="1" count="1" type="stmt"/>
      <line num="2" count="1" type="stmt"/>
      <line num="3" count="1" type="stmt"/>
      <line num="4" count="1" type="stmt"/>
      <line num="5" count="1" type="stmt"/>
      <line num="20" count="1" type="stmt"/>
      <line num="21" count="6" type="stmt"/>
      <line num="22" count="6" type="stmt"/>
      <line num="23" count="6" type="stmt"/>
      <line num="24" count="6" type="stmt"/>
      <line num="26" count="6" type="stmt"/>
      <line num="86" count="6" type="stmt"/>
      <line num="87" count="6" type="stmt"/>
      <line num="95" count="6" type="stmt"/>
      <line num="96" count="6" type="cond" truecount="1" falsecount="0"/>
      <line num="97" count="6" type="stmt"/>
      <line num="102" count="6" type="stmt"/>
      <line num="103" count="6" type="cond" truecount="1" falsecount="0"/>
      <line num="104" count="6" type="stmt"/>
      <line num="108" count="6" type="stmt"/>
      <line num="109" count="1" type="stmt"/>
      <line num="110" count="1" type="cond" truecount="1" falsecount="0"/>
      <line num="111" count="1" type="stmt"/>
      <line num="112" count="1" type="stmt"/>
      <line num="114" count="1" type="stmt"/>
      <line num="121" count="6" type="stmt"/>
      <line num="122" count="1" type="stmt"/>
      <line num="123" count="1" type="stmt"/>
      <line num="125" count="1" type="cond" truecount="1" falsecount="0"/>
      <line num="126" count="1" type="stmt"/>
      <line num="129" count="1" type="cond" truecount="1" falsecount="1"/>
      <line num="130" count="0" type="stmt"/>
      <line num="132" count="1" type="stmt"/>
      <line num="135" count="1" type="stmt"/>
      <line num="143" count="10" type="stmt"/>
      <line num="145" count="10" type="stmt"/>
      <line num="146" count="10" type="stmt"/>
      <line num="148" count="10" type="stmt"/>
      <line num="152" count="3" type="stmt"/>
      <line num="160" count="0" type="stmt"/>
      <line num="169" count="90" type="stmt"/>
      <line num="180" count="1" type="stmt"/>
      <line num="193" count="1" type="stmt"/>
    </file>
  </project>
</coverage>
