{"C:\\Users\\sparsh.yadav\\Desktop\\movie_explorer_reactjs_sparsh_yadav\\src\\components\\NavigateWrapper.tsx": {"path":"C:\\Users\\sparsh.yadav\\Desktop\\movie_explorer_reactjs_sparsh_yadav\\src\\components\\NavigateWrapper.tsx","statementMap":{"0":{"start":{"line":1,"column":0},"end":{"line":1,"column":47}},"1":{"start":{"line":7,"column":25},"end":{"line":7,"column":38}},"2":{"start":{"line":9,"column":8},"end":{"line":9,"column":null}},"3":{"start":{"line":12,"column":4},"end":{"line":12,"column":null}},"4":{"start":{"line":15,"column":0},"end":{"line":15,"column":31}}},"fnMap":{"0":{"name":"NavigateWrapper","decl":{"start":{"line":4,"column":9},"end":{"line":4,"column":24}},"loc":{"start":{"line":4,"column":54},"end":{"line":13,"column":1}}},"1":{"name":"NewComponent","decl":{"start":{"line":6,"column":13},"end":{"line":6,"column":25}},"loc":{"start":{"line":6,"column":36},"end":{"line":10,"column":5}}}},"branchMap":{},"s":{"0":1,"1":4,"2":4,"3":1,"4":1},"f":{"0":1,"1":4},"b":{}}
,"C:\\Users\\sparsh.yadav\\Desktop\\movie_explorer_reactjs_sparsh_yadav\\src\\components\\BornToday\\BornToday.tsx": {"path":"C:\\Users\\sparsh.yadav\\Desktop\\movie_explorer_reactjs_sparsh_yadav\\src\\components\\BornToday\\BornToday.tsx","statementMap":{"0":{"start":{"line":1,"column":0},"end":{"line":1,"column":44}},"1":{"start":{"line":2,"column":0},"end":{"line":2,"column":25}},"2":{"start":{"line":3,"column":0},"end":{"line":3,"column":68}},"3":{"start":{"line":4,"column":0},"end":{"line":4,"column":44}},"4":{"start":{"line":5,"column":0},"end":{"line":5,"column":36}},"5":{"start":{"line":21,"column":18},"end":{"line":21,"column":45}},"6":{"start":{"line":22,"column":16},"end":{"line":22,"column":19}},"7":{"start":{"line":23,"column":19},"end":{"line":23,"column":20}},"8":{"start":{"line":24,"column":19},"end":{"line":24,"column":53}},"9":{"start":{"line":26,"column":27},"end":{"line":82,"column":6}},"10":{"start":{"line":85,"column":8},"end":{"line":85,"column":21}},"11":{"start":{"line":86,"column":8},"end":{"line":90,"column":10}},"12":{"start":{"line":94,"column":25},"end":{"line":94,"column":49}},"13":{"start":{"line":95,"column":8},"end":{"line":97,"column":9}},"14":{"start":{"line":96,"column":12},"end":{"line":96,"column":75}},"15":{"start":{"line":101,"column":25},"end":{"line":101,"column":49}},"16":{"start":{"line":102,"column":8},"end":{"line":104,"column":9}},"17":{"start":{"line":103,"column":12},"end":{"line":103,"column":78}},"18":{"start":{"line":107,"column":27},"end":{"line":118,"column":5}},"19":{"start":{"line":108,"column":25},"end":{"line":108,"column":49}},"20":{"start":{"line":109,"column":8},"end":{"line":117,"column":9}},"21":{"start":{"line":110,"column":32},"end":{"line":110,"column":51}},"22":{"start":{"line":111,"column":30},"end":{"line":111,"column":73}},"23":{"start":{"line":113,"column":12},"end":{"line":116,"column":null}},"24":{"start":{"line":120,"column":19},"end":{"line":139,"column":5}},"25":{"start":{"line":121,"column":35},"end":{"line":121,"column":45}},"26":{"start":{"line":122,"column":25},"end":{"line":122,"column":49}},"27":{"start":{"line":124,"column":8},"end":{"line":138,"column":9}},"28":{"start":{"line":125,"column":30},"end":{"line":125,"column":73}},"29":{"start":{"line":128,"column":12},"end":{"line":132,"column":13}},"30":{"start":{"line":129,"column":16},"end":{"line":129,"column":78}},"31":{"start":{"line":131,"column":16},"end":{"line":131,"column":86}},"32":{"start":{"line":134,"column":12},"end":{"line":137,"column":15}},"33":{"start":{"line":142,"column":49},"end":{"line":142,"column":59}},"34":{"start":{"line":144,"column":30},"end":{"line":144,"column":48}},"35":{"start":{"line":145,"column":31},"end":{"line":145,"column":110}},"36":{"start":{"line":147,"column":8},"end":{"line":188,"column":null}},"37":{"start":{"line":151,"column":40},"end":{"line":151,"column":77}},"38":{"start":{"line":159,"column":47},"end":{"line":159,"column":72}},"39":{"start":{"line":168,"column":32},"end":{"line":168,"column":null}},"40":{"start":{"line":179,"column":47},"end":{"line":179,"column":73}},"41":{"start":{"line":20,"column":0},"end":{"line":20,"column":13}},"42":{"start":{"line":192,"column":0},"end":{"line":192,"column":null}}},"fnMap":{"0":{"name":"(anonymous_1)","decl":{"start":{"line":84,"column":4},"end":{"line":84,"column":16}},"loc":{"start":{"line":84,"column":29},"end":{"line":91,"column":5}}},"1":{"name":"(anonymous_2)","decl":{"start":{"line":93,"column":4},"end":{"line":93,"column":21}},"loc":{"start":{"line":93,"column":21},"end":{"line":98,"column":5}}},"2":{"name":"(anonymous_3)","decl":{"start":{"line":100,"column":4},"end":{"line":100,"column":24}},"loc":{"start":{"line":100,"column":24},"end":{"line":105,"column":5}}},"3":{"name":"(anonymous_4)","decl":{"start":{"line":107,"column":27},"end":{"line":107,"column":30}},"loc":{"start":{"line":107,"column":32},"end":{"line":118,"column":5}}},"4":{"name":"(anonymous_5)","decl":{"start":{"line":120,"column":19},"end":{"line":120,"column":20}},"loc":{"start":{"line":120,"column":51},"end":{"line":139,"column":5}}},"5":{"name":"(anonymous_6)","decl":{"start":{"line":141,"column":4},"end":{"line":141,"column":10}},"loc":{"start":{"line":141,"column":10},"end":{"line":189,"column":5}}},"6":{"name":"(anonymous_7)","decl":{"start":{"line":151,"column":34},"end":{"line":151,"column":37}},"loc":{"start":{"line":151,"column":40},"end":{"line":151,"column":77}}},"7":{"name":"(anonymous_8)","decl":{"start":{"line":159,"column":41},"end":{"line":159,"column":44}},"loc":{"start":{"line":159,"column":47},"end":{"line":159,"column":72}}},"8":{"name":"(anonymous_9)","decl":{"start":{"line":167,"column":50},"end":{"line":167,"column":51}},"loc":{"start":{"line":168,"column":32},"end":{"line":168,"column":null}}},"9":{"name":"(anonymous_10)","decl":{"start":{"line":179,"column":41},"end":{"line":179,"column":44}},"loc":{"start":{"line":179,"column":47},"end":{"line":179,"column":73}}}},"branchMap":{"0":{"loc":{"start":{"line":95,"column":8},"end":{"line":97,"column":9}},"type":"if","locations":[{"start":{"line":95,"column":8},"end":{"line":97,"column":9}}]},"1":{"loc":{"start":{"line":102,"column":8},"end":{"line":104,"column":9}},"type":"if","locations":[{"start":{"line":102,"column":8},"end":{"line":104,"column":9}}]},"2":{"loc":{"start":{"line":109,"column":8},"end":{"line":117,"column":9}},"type":"if","locations":[{"start":{"line":109,"column":8},"end":{"line":117,"column":9}}]},"3":{"loc":{"start":{"line":124,"column":8},"end":{"line":138,"column":9}},"type":"if","locations":[{"start":{"line":124,"column":8},"end":{"line":138,"column":9}}]},"4":{"loc":{"start":{"line":128,"column":12},"end":{"line":132,"column":13}},"type":"if","locations":[{"start":{"line":128,"column":12},"end":{"line":132,"column":13}},{"start":{"line":130,"column":19},"end":{"line":132,"column":13}}]},"5":{"loc":{"start":{"line":156,"column":25},"end":{"line":163,"column":null}},"type":"binary-expr","locations":[{"start":{"line":156,"column":25},"end":{"line":156,"column":37}},{"start":{"line":156,"column":41},"end":{"line":156,"column":54}},{"start":{"line":157,"column":28},"end":{"line":162,"column":null}}]},"6":{"loc":{"start":{"line":176,"column":25},"end":{"line":183,"column":null}},"type":"binary-expr","locations":[{"start":{"line":176,"column":25},"end":{"line":176,"column":37}},{"start":{"line":176,"column":41},"end":{"line":176,"column":55}},{"start":{"line":177,"column":28},"end":{"line":182,"column":null}}]}},"s":{"0":1,"1":1,"2":1,"3":1,"4":1,"5":6,"6":6,"7":6,"8":6,"9":6,"10":6,"11":6,"12":6,"13":6,"14":6,"15":6,"16":6,"17":6,"18":6,"19":1,"20":1,"21":1,"22":1,"23":1,"24":6,"25":1,"26":1,"27":1,"28":1,"29":1,"30":0,"31":1,"32":1,"33":10,"34":10,"35":10,"36":10,"37":3,"38":0,"39":90,"40":1,"41":1,"42":1},"f":{"0":6,"1":6,"2":6,"3":1,"4":1,"5":10,"6":3,"7":0,"8":90,"9":1},"b":{"0":[6],"1":[6],"2":[1],"3":[1],"4":[0,1],"5":[10,4,1],"6":[10,4,4]}}
,"C:\\Users\\sparsh.yadav\\Desktop\\movie_explorer_reactjs_sparsh_yadav\\src\\components\\MainCarousal\\MainCarousal.tsx": {"path":"C:\\Users\\sparsh.yadav\\Desktop\\movie_explorer_reactjs_sparsh_yadav\\src\\components\\MainCarousal\\MainCarousal.tsx","statementMap":{"0":{"start":{"line":1,"column":0},"end":{"line":1,"column":46}},"1":{"start":{"line":2,"column":0},"end":{"line":2,"column":47}},"2":{"start":{"line":3,"column":0},"end":{"line":3,"column":29}},"3":{"start":{"line":4,"column":0},"end":{"line":4,"column":48}},"4":{"start":{"line":5,"column":0},"end":{"line":5,"column":40}},"5":{"start":{"line":6,"column":0},"end":{"line":6,"column":46}},"6":{"start":{"line":7,"column":0},"end":{"line":7,"column":68}},"7":{"start":{"line":8,"column":0},"end":{"line":8,"column":44}},"8":{"start":{"line":9,"column":0},"end":{"line":9,"column":43}},"9":{"start":{"line":10,"column":0},"end":{"line":10,"column":56}},"10":{"start":{"line":41,"column":4},"end":{"line":60,"column":6}},"11":{"start":{"line":64,"column":4},"end":{"line":83,"column":6}},"12":{"start":{"line":88,"column":8},"end":{"line":88,"column":21}},"13":{"start":{"line":90,"column":8},"end":{"line":94,"column":10}},"14":{"start":{"line":98,"column":8},"end":{"line":104,"column":9}},"15":{"start":{"line":99,"column":12},"end":{"line":99,"column":52}},"16":{"start":{"line":100,"column":15},"end":{"line":104,"column":9}},"17":{"start":{"line":101,"column":12},"end":{"line":101,"column":53}},"18":{"start":{"line":103,"column":12},"end":{"line":103,"column":31}},"19":{"start":{"line":107,"column":19},"end":{"line":109,"column":5}},"20":{"start":{"line":108,"column":8},"end":{"line":108,"column":66}},"21":{"start":{"line":112,"column":28},"end":{"line":117,"column":9}},"22":{"start":{"line":113,"column":27},"end":{"line":113,"column":51}},"23":{"start":{"line":114,"column":12},"end":{"line":116,"column":15}},"24":{"start":{"line":119,"column":8},"end":{"line":119,"column":22}},"25":{"start":{"line":120,"column":8},"end":{"line":120,"column":61}},"26":{"start":{"line":124,"column":8},"end":{"line":124,"column":64}},"27":{"start":{"line":128,"column":35},"end":{"line":140,"column":10}},"28":{"start":{"line":142,"column":8},"end":{"line":180,"column":10}},"29":{"start":{"line":151,"column":36},"end":{"line":151,"column":56}},"30":{"start":{"line":86,"column":0},"end":{"line":86,"column":13}},"31":{"start":{"line":184,"column":0},"end":{"line":184,"column":28}}},"fnMap":{"0":{"name":"NextArrow","decl":{"start":{"line":40,"column":9},"end":{"line":40,"column":18}},"loc":{"start":{"line":40,"column":60},"end":{"line":61,"column":1}}},"1":{"name":"PrevArrow","decl":{"start":{"line":63,"column":9},"end":{"line":63,"column":18}},"loc":{"start":{"line":63,"column":60},"end":{"line":84,"column":1}}},"2":{"name":"(anonymous_12)","decl":{"start":{"line":87,"column":4},"end":{"line":87,"column":16}},"loc":{"start":{"line":87,"column":29},"end":{"line":95,"column":5}}},"3":{"name":"(anonymous_13)","decl":{"start":{"line":97,"column":4},"end":{"line":97,"column":23}},"loc":{"start":{"line":97,"column":43},"end":{"line":105,"column":5}}},"4":{"name":"(anonymous_14)","decl":{"start":{"line":107,"column":19},"end":{"line":107,"column":22}},"loc":{"start":{"line":107,"column":24},"end":{"line":109,"column":5}}},"5":{"name":"(anonymous_15)","decl":{"start":{"line":111,"column":4},"end":{"line":111,"column":21}},"loc":{"start":{"line":111,"column":21},"end":{"line":121,"column":5}}},"6":{"name":"(anonymous_16)","decl":{"start":{"line":112,"column":28},"end":{"line":112,"column":33}},"loc":{"start":{"line":112,"column":39},"end":{"line":117,"column":9}}},"7":{"name":"(anonymous_17)","decl":{"start":{"line":123,"column":4},"end":{"line":123,"column":24}},"loc":{"start":{"line":123,"column":24},"end":{"line":125,"column":5}}},"8":{"name":"(anonymous_18)","decl":{"start":{"line":127,"column":4},"end":{"line":127,"column":10}},"loc":{"start":{"line":127,"column":10},"end":{"line":181,"column":5}}},"9":{"name":"(anonymous_19)","decl":{"start":{"line":150,"column":59},"end":{"line":150,"column":60}},"loc":{"start":{"line":151,"column":36},"end":{"line":151,"column":56}}}},"branchMap":{"0":{"loc":{"start":{"line":98,"column":8},"end":{"line":104,"column":9}},"type":"if","locations":[{"start":{"line":98,"column":8},"end":{"line":104,"column":9}},{"start":{"line":100,"column":15},"end":{"line":104,"column":9}}]},"1":{"loc":{"start":{"line":98,"column":12},"end":{"line":98,"column":63}},"type":"binary-expr","locations":[{"start":{"line":98,"column":12},"end":{"line":98,"column":36}},{"start":{"line":98,"column":40},"end":{"line":98,"column":63}}]},"2":{"loc":{"start":{"line":100,"column":15},"end":{"line":104,"column":9}},"type":"if","locations":[{"start":{"line":100,"column":15},"end":{"line":104,"column":9}},{"start":{"line":102,"column":15},"end":{"line":104,"column":9}}]},"3":{"loc":{"start":{"line":146,"column":24},"end":{"line":175,"column":null}},"type":"cond-expr","locations":[{"start":{"line":147,"column":28},"end":{"line":147,"column":51}},{"start":{"line":149,"column":28},"end":{"line":174,"column":null}}]}},"s":{"0":1,"1":1,"2":1,"3":1,"4":1,"5":1,"6":1,"7":1,"8":1,"9":1,"10":0,"11":0,"12":5,"13":5,"14":4,"15":2,"16":2,"17":0,"18":2,"19":5,"20":0,"21":5,"22":5,"23":5,"24":5,"25":5,"26":5,"27":9,"28":9,"29":4,"30":1,"31":1},"f":{"0":0,"1":0,"2":5,"3":4,"4":0,"5":5,"6":5,"7":5,"8":9,"9":4},"b":{"0":[2,2],"1":[4,2],"2":[0,2],"3":[5,4]}}
,"C:\\Users\\sparsh.yadav\\Desktop\\movie_explorer_reactjs_sparsh_yadav\\src\\components\\MovieCard\\MovieCard.tsx": {"path":"C:\\Users\\sparsh.yadav\\Desktop\\movie_explorer_reactjs_sparsh_yadav\\src\\components\\MovieCard\\MovieCard.tsx","statementMap":{"0":{"start":{"line":1,"column":0},"end":{"line":1,"column":40}},"1":{"start":{"line":2,"column":0},"end":{"line":2,"column":26}},"2":{"start":{"line":3,"column":0},"end":{"line":3,"column":49}},"3":{"start":{"line":4,"column":0},"end":{"line":4,"column":36}},"4":{"start":{"line":5,"column":0},"end":{"line":5,"column":56}},"5":{"start":{"line":6,"column":0},"end":{"line":6,"column":45}},"6":{"start":{"line":17,"column":43},"end":{"line":105,"column":1}},"7":{"start":{"line":25,"column":46},"end":{"line":25,"column":70}},"8":{"start":{"line":26,"column":21},"end":{"line":26,"column":34}},"9":{"start":{"line":27,"column":17},"end":{"line":27,"column":45}},"10":{"start":{"line":29,"column":34},"end":{"line":35,"column":5}},"11":{"start":{"line":30,"column":25},"end":{"line":30,"column":39}},"12":{"start":{"line":31,"column":8},"end":{"line":31,"column":35}},"13":{"start":{"line":32,"column":8},"end":{"line":34,"column":9}},"14":{"start":{"line":33,"column":12},"end":{"line":33,"column":43}},"15":{"start":{"line":37,"column":26},"end":{"line":47,"column":5}},"16":{"start":{"line":38,"column":23},"end":{"line":38,"column":55}},"17":{"start":{"line":40,"column":8},"end":{"line":43,"column":9}},"18":{"start":{"line":41,"column":12},"end":{"line":41,"column":35}},"19":{"start":{"line":42,"column":12},"end":{"line":42,"column":19}},"20":{"start":{"line":45,"column":8},"end":{"line":45,"column":null}},"21":{"start":{"line":46,"column":8},"end":{"line":46,"column":22}},"22":{"start":{"line":49,"column":24},"end":{"line":54,"column":5}},"23":{"start":{"line":50,"column":8},"end":{"line":53,"column":11}},"24":{"start":{"line":56,"column":4},"end":{"line":104,"column":6}},"25":{"start":{"line":107,"column":0},"end":{"line":107,"column":25}}},"fnMap":{"0":{"name":"(anonymous_10)","decl":{"start":{"line":17,"column":43},"end":{"line":17,"column":44}},"loc":{"start":{"line":24,"column":5},"end":{"line":105,"column":1}}},"1":{"name":"(anonymous_11)","decl":{"start":{"line":29,"column":34},"end":{"line":29,"column":37}},"loc":{"start":{"line":29,"column":39},"end":{"line":35,"column":5}}},"2":{"name":"(anonymous_12)","decl":{"start":{"line":37,"column":26},"end":{"line":37,"column":29}},"loc":{"start":{"line":37,"column":31},"end":{"line":47,"column":5}}},"3":{"name":"(anonymous_13)","decl":{"start":{"line":49,"column":24},"end":{"line":49,"column":27}},"loc":{"start":{"line":49,"column":29},"end":{"line":54,"column":5}}}},"branchMap":{"0":{"loc":{"start":{"line":32,"column":8},"end":{"line":34,"column":9}},"type":"if","locations":[{"start":{"line":32,"column":8},"end":{"line":34,"column":9}}]},"1":{"loc":{"start":{"line":40,"column":8},"end":{"line":43,"column":9}},"type":"if","locations":[{"start":{"line":40,"column":8},"end":{"line":43,"column":9}}]},"2":{"loc":{"start":{"line":40,"column":11},"end":{"line":40,"column":42}},"type":"binary-expr","locations":[{"start":{"line":40,"column":11},"end":{"line":40,"column":31}},{"start":{"line":40,"column":35},"end":{"line":40,"column":42}}]},"3":{"loc":{"start":{"line":61,"column":20},"end":{"line":64,"column":null}},"type":"binary-expr","locations":[{"start":{"line":61,"column":20},"end":{"line":61,"column":27}},{"start":{"line":62,"column":24},"end":{"line":63,"column":null}}]},"4":{"loc":{"start":{"line":68,"column":17},"end":{"line":73,"column":null}},"type":"cond-expr","locations":[{"start":{"line":69,"column":20},"end":{"line":70,"column":null}},{"start":{"line":73,"column":20},"end":{"line":73,"column":25}}]},"5":{"loc":{"start":{"line":96,"column":36},"end":{"line":96,"column":96}},"type":"cond-expr","locations":[{"start":{"line":96,"column":52},"end":{"line":96,"column":75}},{"start":{"line":96,"column":78},"end":{"line":96,"column":96}}]},"6":{"loc":{"start":{"line":98,"column":25},"end":{"line":98,"column":60}},"type":"cond-expr","locations":[{"start":{"line":98,"column":41},"end":{"line":98,"column":50}},{"start":{"line":98,"column":53},"end":{"line":98,"column":60}}]},"7":{"loc":{"start":{"line":99,"column":25},"end":{"line":99,"column":76}},"type":"cond-expr","locations":[{"start":{"line":99,"column":41},"end":{"line":99,"column":55}},{"start":{"line":99,"column":58},"end":{"line":99,"column":76}}]}},"s":{"0":3,"1":3,"2":3,"3":3,"4":3,"5":3,"6":3,"7":22,"8":22,"9":22,"10":22,"11":0,"12":0,"13":0,"14":0,"15":22,"16":4,"17":4,"18":2,"19":2,"20":2,"21":2,"22":22,"23":2,"24":22,"25":3},"f":{"0":22,"1":0,"2":4,"3":2},"b":{"0":[0],"1":[2],"2":[4,3],"3":[22,18],"4":[0,22],"5":[0,22],"6":[0,22],"7":[0,22]}}
,"C:\\Users\\sparsh.yadav\\Desktop\\movie_explorer_reactjs_sparsh_yadav\\src\\components\\MovieDetails\\MovieDetails.tsx": {"path":"C:\\Users\\sparsh.yadav\\Desktop\\movie_explorer_reactjs_sparsh_yadav\\src\\components\\MovieDetails\\MovieDetails.tsx","statementMap":{"0":{"start":{"line":1,"column":0},"end":{"line":1,"column":51}},"1":{"start":{"line":2,"column":0},"end":{"line":2,"column":49}},"2":{"start":{"line":3,"column":0},"end":{"line":3,"column":29}},"3":{"start":{"line":4,"column":0},"end":{"line":4,"column":45}},"4":{"start":{"line":5,"column":0},"end":{"line":5,"column":44}},"5":{"start":{"line":6,"column":0},"end":{"line":6,"column":38}},"6":{"start":{"line":7,"column":0},"end":{"line":7,"column":38}},"7":{"start":{"line":8,"column":0},"end":{"line":8,"column":53}},"8":{"start":{"line":9,"column":0},"end":{"line":9,"column":58}},"9":{"start":{"line":27,"column":31},"end":{"line":198,"column":1}},"10":{"start":{"line":28,"column":40},"end":{"line":28,"column":69}},"11":{"start":{"line":29,"column":42},"end":{"line":29,"column":57}},"12":{"start":{"line":30,"column":42},"end":{"line":30,"column":71}},"13":{"start":{"line":31,"column":30},"end":{"line":31,"column":58}},"14":{"start":{"line":32,"column":36},"end":{"line":32,"column":56}},"15":{"start":{"line":33,"column":19},"end":{"line":33,"column":30}},"16":{"start":{"line":35,"column":25},"end":{"line":37,"column":5}},"17":{"start":{"line":36,"column":8},"end":{"line":36,"column":30}},"18":{"start":{"line":39,"column":28},"end":{"line":41,"column":5}},"19":{"start":{"line":40,"column":8},"end":{"line":40,"column":37}},"20":{"start":{"line":43,"column":35},"end":{"line":48,"column":6}},"21":{"start":{"line":50,"column":4},"end":{"line":68,"column":13}},"22":{"start":{"line":51,"column":34},"end":{"line":65,"column":9}},"23":{"start":{"line":52,"column":12},"end":{"line":52,"column":28}},"24":{"start":{"line":52,"column":21},"end":{"line":52,"column":28}},"25":{"start":{"line":53,"column":12},"end":{"line":64,"column":13}},"26":{"start":{"line":54,"column":33},"end":{"line":54,"column":66}},"27":{"start":{"line":55,"column":16},"end":{"line":55,"column":35}},"28":{"start":{"line":57,"column":16},"end":{"line":61,"column":17}},"29":{"start":{"line":58,"column":20},"end":{"line":58,"column":106}},"30":{"start":{"line":60,"column":20},"end":{"line":60,"column":36}},"31":{"start":{"line":63,"column":16},"end":{"line":63,"column":70}},"32":{"start":{"line":67,"column":8},"end":{"line":67,"column":28}},"33":{"start":{"line":70,"column":4},"end":{"line":74,"column":5}},"34":{"start":{"line":71,"column":8},"end":{"line":73,"column":null}},"35":{"start":{"line":76,"column":4},"end":{"line":197,"column":6}},"36":{"start":{"line":143,"column":44},"end":{"line":144,"column":null}},"37":{"start":{"line":145,"column":63},"end":{"line":145,"column":81}},"38":{"start":{"line":146,"column":68},"end":{"line":146,"column":88}},"39":{"start":{"line":147,"column":68},"end":{"line":147,"column":88}},"40":{"start":{"line":200,"column":0},"end":{"line":200,"column":28}}},"fnMap":{"0":{"name":"(anonymous_10)","decl":{"start":{"line":27,"column":31},"end":{"line":27,"column":34}},"loc":{"start":{"line":27,"column":36},"end":{"line":198,"column":1}}},"1":{"name":"(anonymous_11)","decl":{"start":{"line":35,"column":25},"end":{"line":35,"column":26}},"loc":{"start":{"line":35,"column":44},"end":{"line":37,"column":5}}},"2":{"name":"(anonymous_12)","decl":{"start":{"line":39,"column":28},"end":{"line":39,"column":31}},"loc":{"start":{"line":39,"column":33},"end":{"line":41,"column":5}}},"3":{"name":"(anonymous_13)","decl":{"start":{"line":50,"column":14},"end":{"line":50,"column":17}},"loc":{"start":{"line":50,"column":19},"end":{"line":68,"column":5}}},"4":{"name":"(anonymous_14)","decl":{"start":{"line":51,"column":34},"end":{"line":51,"column":39}},"loc":{"start":{"line":51,"column":45},"end":{"line":65,"column":9}}},"5":{"name":"(anonymous_15)","decl":{"start":{"line":142,"column":61},"end":{"line":142,"column":62}},"loc":{"start":{"line":143,"column":44},"end":{"line":144,"column":null}}},"6":{"name":"(anonymous_16)","decl":{"start":{"line":145,"column":57},"end":{"line":145,"column":60}},"loc":{"start":{"line":145,"column":63},"end":{"line":145,"column":81}}},"7":{"name":"(anonymous_17)","decl":{"start":{"line":146,"column":62},"end":{"line":146,"column":65}},"loc":{"start":{"line":146,"column":68},"end":{"line":146,"column":88}}},"8":{"name":"(anonymous_18)","decl":{"start":{"line":147,"column":62},"end":{"line":147,"column":65}},"loc":{"start":{"line":147,"column":68},"end":{"line":147,"column":88}}}},"branchMap":{"0":{"loc":{"start":{"line":52,"column":12},"end":{"line":52,"column":28}},"type":"if","locations":[{"start":{"line":52,"column":12},"end":{"line":52,"column":28}}]},"1":{"loc":{"start":{"line":57,"column":16},"end":{"line":61,"column":17}},"type":"if","locations":[{"start":{"line":57,"column":16},"end":{"line":61,"column":17}},{"start":{"line":59,"column":23},"end":{"line":61,"column":17}}]},"2":{"loc":{"start":{"line":70,"column":4},"end":{"line":74,"column":5}},"type":"if","locations":[{"start":{"line":70,"column":4},"end":{"line":74,"column":5}}]},"3":{"loc":{"start":{"line":111,"column":64},"end":{"line":111,"column":105}},"type":"cond-expr","locations":[{"start":{"line":111,"column":78},"end":{"line":111,"column":100}},{"start":{"line":111,"column":103},"end":{"line":111,"column":105}}]},"4":{"loc":{"start":{"line":113,"column":37},"end":{"line":122,"column":null}},"type":"cond-expr","locations":[{"start":{"line":114,"column":40},"end":{"line":116,"column":null}},{"start":{"line":119,"column":40},"end":{"line":121,"column":null}}]},"5":{"loc":{"start":{"line":152,"column":66},"end":{"line":154,"column":null}},"type":"cond-expr","locations":[{"start":{"line":153,"column":58},"end":{"line":153,"column":76}},{"start":{"line":154,"column":58},"end":{"line":154,"column":null}}]},"6":{"loc":{"start":{"line":152,"column":66},"end":{"line":152,"column":140}},"type":"binary-expr","locations":[{"start":{"line":152,"column":67},"end":{"line":152,"column":77}},{"start":{"line":152,"column":81},"end":{"line":152,"column":99}},{"start":{"line":152,"column":105},"end":{"line":152,"column":116}},{"start":{"line":152,"column":120},"end":{"line":152,"column":139}}]}},"s":{"0":1,"1":1,"2":1,"3":1,"4":1,"5":1,"6":1,"7":1,"8":1,"9":1,"10":10,"11":10,"12":10,"13":10,"14":10,"15":10,"16":10,"17":0,"18":10,"19":2,"20":10,"21":10,"22":5,"23":5,"24":0,"25":5,"26":5,"27":4,"28":4,"29":4,"30":0,"31":1,"32":5,"33":10,"34":5,"35":5,"36":25,"37":0,"38":0,"39":0,"40":1},"f":{"0":10,"1":0,"2":2,"3":5,"4":5,"5":25,"6":0,"7":0,"8":0},"b":{"0":[0],"1":[4,0],"2":[5],"3":[1,4],"4":[1,4],"5":[0,25],"6":[25,0,25,0]}}
,"C:\\Users\\sparsh.yadav\\Desktop\\movie_explorer_reactjs_sparsh_yadav\\src\\components\\Navbar\\Navbar.tsx": {"path":"C:\\Users\\sparsh.yadav\\Desktop\\movie_explorer_reactjs_sparsh_yadav\\src\\components\\Navbar\\Navbar.tsx","statementMap":{"0":{"start":{"line":1,"column":0},"end":{"line":1,"column":23}},"1":{"start":{"line":2,"column":0},"end":{"line":2,"column":48}},"2":{"start":{"line":3,"column":0},"end":{"line":3,"column":36}},"3":{"start":{"line":4,"column":0},"end":{"line":4,"column":50}},"4":{"start":{"line":5,"column":0},"end":{"line":5,"column":50}},"5":{"start":{"line":6,"column":0},"end":{"line":6,"column":41}},"6":{"start":{"line":7,"column":0},"end":{"line":7,"column":44}},"7":{"start":{"line":8,"column":0},"end":{"line":8,"column":56}},"8":{"start":{"line":9,"column":0},"end":{"line":9,"column":37}},"9":{"start":{"line":10,"column":0},"end":{"line":10,"column":32}},"10":{"start":{"line":11,"column":0},"end":{"line":11,"column":50}},"11":{"start":{"line":14,"column":21},"end":{"line":14,"column":34}},"12":{"start":{"line":15,"column":36},"end":{"line":15,"column":56}},"13":{"start":{"line":17,"column":4},"end":{"line":27,"column":11}},"14":{"start":{"line":18,"column":28},"end":{"line":24,"column":9}},"15":{"start":{"line":19,"column":26},"end":{"line":19,"column":50}},"16":{"start":{"line":20,"column":12},"end":{"line":20,"column":31}},"17":{"start":{"line":20,"column":24},"end":{"line":20,"column":31}},"18":{"start":{"line":21,"column":30},"end":{"line":21,"column":64}},"19":{"start":{"line":22,"column":12},"end":{"line":22,"column":66}},"20":{"start":{"line":23,"column":12},"end":{"line":23,"column":45}},"21":{"start":{"line":26,"column":8},"end":{"line":26,"column":22}},"22":{"start":{"line":29,"column":25},"end":{"line":31,"column":5}},"23":{"start":{"line":30,"column":8},"end":{"line":30,"column":28}},"24":{"start":{"line":33,"column":31},"end":{"line":35,"column":5}},"25":{"start":{"line":34,"column":8},"end":{"line":34,"column":null}},"26":{"start":{"line":37,"column":26},"end":{"line":39,"column":5}},"27":{"start":{"line":38,"column":8},"end":{"line":38,"column":36}},"28":{"start":{"line":41,"column":4},"end":{"line":59,"column":null}},"29":{"start":{"line":62,"column":0},"end":{"line":62,"column":null}}},"fnMap":{"0":{"name":"Navbar","decl":{"start":{"line":13,"column":9},"end":{"line":13,"column":15}},"loc":{"start":{"line":13,"column":15},"end":{"line":60,"column":1}}},"1":{"name":"(anonymous_2)","decl":{"start":{"line":17,"column":14},"end":{"line":17,"column":17}},"loc":{"start":{"line":17,"column":19},"end":{"line":27,"column":5}}},"2":{"name":"(anonymous_3)","decl":{"start":{"line":18,"column":28},"end":{"line":18,"column":33}},"loc":{"start":{"line":18,"column":39},"end":{"line":24,"column":9}}},"3":{"name":"(anonymous_4)","decl":{"start":{"line":29,"column":25},"end":{"line":29,"column":28}},"loc":{"start":{"line":29,"column":30},"end":{"line":31,"column":5}}},"4":{"name":"(anonymous_5)","decl":{"start":{"line":33,"column":31},"end":{"line":33,"column":34}},"loc":{"start":{"line":33,"column":36},"end":{"line":35,"column":5}}},"5":{"name":"(anonymous_6)","decl":{"start":{"line":37,"column":26},"end":{"line":37,"column":29}},"loc":{"start":{"line":37,"column":31},"end":{"line":39,"column":5}}}},"branchMap":{"0":{"loc":{"start":{"line":20,"column":12},"end":{"line":20,"column":31}},"type":"if","locations":[{"start":{"line":20,"column":12},"end":{"line":20,"column":31}}]},"1":{"loc":{"start":{"line":52,"column":21},"end":{"line":52,"column":104}},"type":"binary-expr","locations":[{"start":{"line":52,"column":21},"end":{"line":52,"column":43}},{"start":{"line":52,"column":47},"end":{"line":52,"column":104}}]}},"s":{"0":1,"1":1,"2":1,"3":1,"4":1,"5":1,"6":1,"7":1,"8":1,"9":1,"10":1,"11":5,"12":5,"13":5,"14":5,"15":5,"16":5,"17":4,"18":1,"19":1,"20":1,"21":5,"22":5,"23":0,"24":5,"25":0,"26":5,"27":0,"28":5,"29":1},"f":{"0":5,"1":5,"2":5,"3":0,"4":0,"5":0},"b":{"0":[4],"1":[5,0]}}
,"C:\\Users\\sparsh.yadav\\Desktop\\movie_explorer_reactjs_sparsh_yadav\\src\\components\\PremiumMovies\\PremiumMovies.tsx": {"path":"C:\\Users\\sparsh.yadav\\Desktop\\movie_explorer_reactjs_sparsh_yadav\\src\\components\\PremiumMovies\\PremiumMovies.tsx","statementMap":{"0":{"start":{"line":1,"column":0},"end":{"line":1,"column":51}},"1":{"start":{"line":2,"column":0},"end":{"line":2,"column":68}},"2":{"start":{"line":3,"column":0},"end":{"line":3,"column":30}},"3":{"start":{"line":4,"column":0},"end":{"line":4,"column":45}},"4":{"start":{"line":5,"column":0},"end":{"line":5,"column":47}},"5":{"start":{"line":6,"column":0},"end":{"line":6,"column":51}},"6":{"start":{"line":7,"column":0},"end":{"line":7,"column":62}},"7":{"start":{"line":19,"column":32},"end":{"line":152,"column":1}},"8":{"start":{"line":20,"column":38},"end":{"line":20,"column":59}},"9":{"start":{"line":21,"column":32},"end":{"line":21,"column":53}},"10":{"start":{"line":22,"column":48},"end":{"line":22,"column":70}},"11":{"start":{"line":23,"column":34},"end":{"line":23,"column":48}},"12":{"start":{"line":24,"column":42},"end":{"line":24,"column":53}},"13":{"start":{"line":25,"column":40},"end":{"line":25,"column":51}},"14":{"start":{"line":26,"column":44},"end":{"line":26,"column":61}},"15":{"start":{"line":27,"column":28},"end":{"line":27,"column":30}},"16":{"start":{"line":29,"column":19},"end":{"line":40,"column":6}},"17":{"start":{"line":42,"column":4},"end":{"line":45,"column":11}},"18":{"start":{"line":43,"column":26},"end":{"line":43,"column":71}},"19":{"start":{"line":44,"column":8},"end":{"line":44,"column":34}},"20":{"start":{"line":48,"column":4},"end":{"line":50,"column":22}},"21":{"start":{"line":49,"column":8},"end":{"line":49,"column":58}},"22":{"start":{"line":54,"column":4},"end":{"line":86,"column":38}},"23":{"start":{"line":55,"column":28},"end":{"line":83,"column":9}},"24":{"start":{"line":56,"column":12},"end":{"line":82,"column":13}},"25":{"start":{"line":57,"column":16},"end":{"line":57,"column":33}},"26":{"start":{"line":59,"column":46},"end":{"line":59,"column":48}},"27":{"start":{"line":61,"column":16},"end":{"line":69,"column":17}},"28":{"start":{"line":62,"column":20},"end":{"line":62,"column":56}},"29":{"start":{"line":63,"column":20},"end":{"line":63,"column":50}},"30":{"start":{"line":64,"column":20},"end":{"line":64,"column":98}},"31":{"start":{"line":64,"column":76},"end":{"line":64,"column":96}},"32":{"start":{"line":66,"column":20},"end":{"line":68,"column":22}},"33":{"start":{"line":67,"column":40},"end":{"line":67,"column":92}},"34":{"start":{"line":71,"column":16},"end":{"line":71,"column":82}},"35":{"start":{"line":73,"column":35},"end":{"line":73,"column":70}},"36":{"start":{"line":74,"column":33},"end":{"line":74,"column":61}},"37":{"start":{"line":75,"column":16},"end":{"line":75,"column":70}},"38":{"start":{"line":77,"column":16},"end":{"line":77,"column":112}},"39":{"start":{"line":78,"column":16},"end":{"line":78,"column":30}},"40":{"start":{"line":79,"column":16},"end":{"line":79,"column":33}},"41":{"start":{"line":81,"column":16},"end":{"line":81,"column":34}},"42":{"start":{"line":85,"column":8},"end":{"line":85,"column":22}},"43":{"start":{"line":88,"column":4},"end":{"line":90,"column":38}},"44":{"start":{"line":89,"column":8},"end":{"line":89,"column":30}},"45":{"start":{"line":92,"column":30},"end":{"line":95,"column":5}},"46":{"start":{"line":93,"column":8},"end":{"line":93,"column":33}},"47":{"start":{"line":94,"column":8},"end":{"line":94,"column":26}},"48":{"start":{"line":97,"column":4},"end":{"line":151,"column":6}},"49":{"start":{"line":105,"column":20},"end":{"line":106,"column":null}},"50":{"start":{"line":108,"column":39},"end":{"line":108,"column":66}},"51":{"start":{"line":128,"column":24},"end":{"line":129,"column":null}},"52":{"start":{"line":145,"column":48},"end":{"line":145,"column":69}},"53":{"start":{"line":154,"column":0},"end":{"line":154,"column":29}}},"fnMap":{"0":{"name":"(anonymous_10)","decl":{"start":{"line":19,"column":32},"end":{"line":19,"column":35}},"loc":{"start":{"line":19,"column":37},"end":{"line":152,"column":1}}},"1":{"name":"(anonymous_11)","decl":{"start":{"line":42,"column":14},"end":{"line":42,"column":17}},"loc":{"start":{"line":42,"column":19},"end":{"line":45,"column":5}}},"2":{"name":"(anonymous_12)","decl":{"start":{"line":48,"column":14},"end":{"line":48,"column":17}},"loc":{"start":{"line":48,"column":19},"end":{"line":50,"column":5}}},"3":{"name":"(anonymous_13)","decl":{"start":{"line":54,"column":14},"end":{"line":54,"column":17}},"loc":{"start":{"line":54,"column":19},"end":{"line":86,"column":5}}},"4":{"name":"(anonymous_14)","decl":{"start":{"line":55,"column":28},"end":{"line":55,"column":33}},"loc":{"start":{"line":55,"column":39},"end":{"line":83,"column":9}}},"5":{"name":"(anonymous_15)","decl":{"start":{"line":64,"column":60},"end":{"line":64,"column":61}},"loc":{"start":{"line":64,"column":76},"end":{"line":64,"column":96}}},"6":{"name":"(anonymous_16)","decl":{"start":{"line":67,"column":24},"end":{"line":67,"column":25}},"loc":{"start":{"line":67,"column":40},"end":{"line":67,"column":92}}},"7":{"name":"(anonymous_17)","decl":{"start":{"line":88,"column":14},"end":{"line":88,"column":17}},"loc":{"start":{"line":88,"column":19},"end":{"line":90,"column":5}}},"8":{"name":"(anonymous_18)","decl":{"start":{"line":92,"column":30},"end":{"line":92,"column":35}},"loc":{"start":{"line":92,"column":54},"end":{"line":95,"column":5}}},"9":{"name":"(anonymous_19)","decl":{"start":{"line":104,"column":28},"end":{"line":104,"column":29}},"loc":{"start":{"line":105,"column":20},"end":{"line":106,"column":null}}},"10":{"name":"(anonymous_20)","decl":{"start":{"line":108,"column":33},"end":{"line":108,"column":36}},"loc":{"start":{"line":108,"column":39},"end":{"line":108,"column":66}}},"11":{"name":"(anonymous_21)","decl":{"start":{"line":127,"column":31},"end":{"line":127,"column":32}},"loc":{"start":{"line":128,"column":24},"end":{"line":129,"column":null}}},"12":{"name":"(anonymous_22)","decl":{"start":{"line":145,"column":34},"end":{"line":145,"column":35}},"loc":{"start":{"line":145,"column":48},"end":{"line":145,"column":69}}}},"branchMap":{"0":{"loc":{"start":{"line":43,"column":35},"end":{"line":43,"column":66}},"type":"binary-expr","locations":[{"start":{"line":43,"column":35},"end":{"line":43,"column":59}},{"start":{"line":43,"column":63},"end":{"line":43,"column":66}}]},"1":{"loc":{"start":{"line":61,"column":16},"end":{"line":69,"column":17}},"type":"if","locations":[{"start":{"line":61,"column":16},"end":{"line":69,"column":17}},{"start":{"line":65,"column":23},"end":{"line":69,"column":17}}]},"2":{"loc":{"start":{"line":67,"column":40},"end":{"line":67,"column":92}},"type":"binary-expr","locations":[{"start":{"line":67,"column":40},"end":{"line":67,"column":60}},{"start":{"line":67,"column":64},"end":{"line":67,"column":92}}]},"3":{"loc":{"start":{"line":107,"column":54},"end":{"line":107,"column":97}},"type":"cond-expr","locations":[{"start":{"line":107,"column":84},"end":{"line":107,"column":92}},{"start":{"line":107,"column":95},"end":{"line":107,"column":97}}]},"4":{"loc":{"start":{"line":116,"column":17},"end":{"line":136,"column":null}},"type":"cond-expr","locations":[{"start":{"line":117,"column":20},"end":{"line":120,"column":null}},{"start":{"line":122,"column":20},"end":{"line":136,"column":null}}]},"5":{"loc":{"start":{"line":122,"column":20},"end":{"line":136,"column":null}},"type":"cond-expr","locations":[{"start":{"line":123,"column":20},"end":{"line":124,"column":null}},{"start":{"line":127,"column":20},"end":{"line":136,"column":22}}]},"6":{"loc":{"start":{"line":140,"column":13},"end":{"line":148,"column":null}},"type":"binary-expr","locations":[{"start":{"line":140,"column":13},"end":{"line":140,"column":21}},{"start":{"line":141,"column":16},"end":{"line":147,"column":null}}]}},"s":{"0":1,"1":1,"2":1,"3":1,"4":1,"5":1,"6":1,"7":1,"8":12,"9":12,"10":12,"11":12,"12":12,"13":12,"14":12,"15":12,"16":12,"17":12,"18":3,"19":3,"20":12,"21":3,"22":12,"23":3,"24":3,"25":3,"26":3,"27":3,"28":3,"29":2,"30":2,"31":40,"32":0,"33":0,"34":2,"35":2,"36":2,"37":2,"38":1,"39":1,"40":1,"41":3,"42":3,"43":12,"44":3,"45":12,"46":0,"47":0,"48":12,"49":120,"50":0,"51":12,"52":0,"53":1},"f":{"0":12,"1":3,"2":3,"3":3,"4":3,"5":40,"6":0,"7":3,"8":0,"9":120,"10":0,"11":12,"12":0},"b":{"0":[3,1],"1":[3,0],"2":[0,0],"3":[12,108],"4":[9,3],"5":[2,1],"6":[12,3]}}
,"C:\\Users\\sparsh.yadav\\Desktop\\movie_explorer_reactjs_sparsh_yadav\\src\\components\\SearchResultPage\\SearchResultPage.tsx": {"path":"C:\\Users\\sparsh.yadav\\Desktop\\movie_explorer_reactjs_sparsh_yadav\\src\\components\\SearchResultPage\\SearchResultPage.tsx","statementMap":{"0":{"start":{"line":1,"column":0},"end":{"line":1,"column":38}},"1":{"start":{"line":2,"column":0},"end":{"line":2,"column":38}},"2":{"start":{"line":3,"column":0},"end":{"line":3,"column":92}},"3":{"start":{"line":4,"column":0},"end":{"line":4,"column":59}},"4":{"start":{"line":5,"column":0},"end":{"line":5,"column":44}},"5":{"start":{"line":6,"column":0},"end":{"line":6,"column":33}},"6":{"start":{"line":7,"column":0},"end":{"line":7,"column":43}},"7":{"start":{"line":8,"column":0},"end":{"line":8,"column":47}},"8":{"start":{"line":9,"column":0},"end":{"line":9,"column":62}},"9":{"start":{"line":20,"column":42},"end":{"line":20,"column":54}},"10":{"start":{"line":21,"column":48},"end":{"line":21,"column":69}},"11":{"start":{"line":22,"column":50},"end":{"line":22,"column":87}},"12":{"start":{"line":23,"column":38},"end":{"line":23,"column":62}},"13":{"start":{"line":25,"column":31},"end":{"line":29,"column":5}},"14":{"start":{"line":26,"column":22},"end":{"line":26,"column":40}},"15":{"start":{"line":27,"column":8},"end":{"line":27,"column":27}},"16":{"start":{"line":28,"column":8},"end":{"line":28,"column":30}},"17":{"start":{"line":31,"column":4},"end":{"line":47,"column":22}},"18":{"start":{"line":32,"column":8},"end":{"line":34,"column":9}},"19":{"start":{"line":33,"column":12},"end":{"line":33,"column":42}},"20":{"start":{"line":36,"column":24},"end":{"line":42,"column":16}},"21":{"start":{"line":37,"column":12},"end":{"line":41,"column":13}},"22":{"start":{"line":38,"column":33},"end":{"line":38,"column":69}},"23":{"start":{"line":39,"column":16},"end":{"line":39,"column":36}},"24":{"start":{"line":40,"column":16},"end":{"line":40,"column":51}},"25":{"start":{"line":44,"column":8},"end":{"line":44,"column":36}},"26":{"start":{"line":46,"column":8},"end":{"line":46,"column":43}},"27":{"start":{"line":46,"column":21},"end":{"line":46,"column":42}},"28":{"start":{"line":49,"column":4},"end":{"line":109,"column":6}},"29":{"start":{"line":92,"column":44},"end":{"line":97,"column":null}},"30":{"start":{"line":112,"column":0},"end":{"line":112,"column":32}}},"fnMap":{"0":{"name":"SearchResultPage","decl":{"start":{"line":19,"column":9},"end":{"line":19,"column":25}},"loc":{"start":{"line":19,"column":25},"end":{"line":110,"column":1}}},"1":{"name":"(anonymous_2)","decl":{"start":{"line":25,"column":31},"end":{"line":25,"column":36}},"loc":{"start":{"line":25,"column":84},"end":{"line":29,"column":5}}},"2":{"name":"(anonymous_3)","decl":{"start":{"line":31,"column":14},"end":{"line":31,"column":17}},"loc":{"start":{"line":31,"column":19},"end":{"line":47,"column":5}}},"3":{"name":"(anonymous_4)","decl":{"start":{"line":36,"column":35},"end":{"line":36,"column":40}},"loc":{"start":{"line":36,"column":46},"end":{"line":42,"column":9}}},"4":{"name":"(anonymous_5)","decl":{"start":{"line":46,"column":15},"end":{"line":46,"column":18}},"loc":{"start":{"line":46,"column":21},"end":{"line":46,"column":42}}},"5":{"name":"(anonymous_6)","decl":{"start":{"line":91,"column":60},"end":{"line":91,"column":61}},"loc":{"start":{"line":92,"column":44},"end":{"line":97,"column":null}}}},"branchMap":{"0":{"loc":{"start":{"line":32,"column":8},"end":{"line":34,"column":9}},"type":"if","locations":[{"start":{"line":32,"column":8},"end":{"line":34,"column":9}}]},"1":{"loc":{"start":{"line":37,"column":12},"end":{"line":41,"column":13}},"type":"if","locations":[{"start":{"line":37,"column":12},"end":{"line":41,"column":13}}]},"2":{"loc":{"start":{"line":79,"column":24},"end":{"line":102,"column":null}},"type":"cond-expr","locations":[{"start":{"line":80,"column":28},"end":{"line":81,"column":null}},{"start":{"line":84,"column":28},"end":{"line":101,"column":null}}]}},"s":{"0":1,"1":1,"2":1,"3":1,"4":1,"5":1,"6":1,"7":1,"8":1,"9":10,"10":10,"11":10,"12":10,"13":10,"14":2,"15":2,"16":2,"17":10,"18":4,"19":2,"20":4,"21":2,"22":2,"23":2,"24":2,"25":4,"26":4,"27":4,"28":10,"29":4,"30":1},"f":{"0":10,"1":2,"2":4,"3":2,"4":4,"5":4},"b":{"0":[2],"1":[2],"2":[4,6]}}
,"C:\\Users\\sparsh.yadav\\Desktop\\movie_explorer_reactjs_sparsh_yadav\\src\\components\\Subscription\\Subscription.tsx": {"path":"C:\\Users\\sparsh.yadav\\Desktop\\movie_explorer_reactjs_sparsh_yadav\\src\\components\\Subscription\\Subscription.tsx","statementMap":{"0":{"start":{"line":1,"column":0},"end":{"line":1,"column":40}},"1":{"start":{"line":2,"column":0},"end":{"line":2,"column":47}},"2":{"start":{"line":3,"column":0},"end":{"line":3,"column":null}},"3":{"start":{"line":13,"column":0},"end":{"line":13,"column":58}},"4":{"start":{"line":14,"column":0},"end":{"line":14,"column":50}},"5":{"start":{"line":15,"column":0},"end":{"line":15,"column":29}},"6":{"start":{"line":16,"column":0},"end":{"line":16,"column":47}},"7":{"start":{"line":17,"column":0},"end":{"line":17,"column":62}},"8":{"start":{"line":28,"column":22},"end":{"line":72,"column":2}},"9":{"start":{"line":74,"column":31},"end":{"line":160,"column":1}},"10":{"start":{"line":75,"column":19},"end":{"line":75,"column":32}},"11":{"start":{"line":76,"column":42},"end":{"line":76,"column":71}},"12":{"start":{"line":78,"column":26},"end":{"line":90,"column":3}},"13":{"start":{"line":79,"column":4},"end":{"line":81,"column":5}},"14":{"start":{"line":80,"column":6},"end":{"line":80,"column":13}},"15":{"start":{"line":82,"column":4},"end":{"line":89,"column":26}},"16":{"start":{"line":83,"column":26},"end":{"line":83,"column":64}},"17":{"start":{"line":84,"column":6},"end":{"line":88,"column":7}},"18":{"start":{"line":85,"column":8},"end":{"line":85,"column":43}},"19":{"start":{"line":87,"column":8},"end":{"line":87,"column":65}},"20":{"start":{"line":92,"column":2},"end":{"line":159,"column":4}},"21":{"start":{"line":106,"column":12},"end":{"line":107,"column":null}},"22":{"start":{"line":109,"column":29},"end":{"line":109,"column":53}},"23":{"start":{"line":120,"column":20},"end":{"line":120,"column":38}},"24":{"start":{"line":152,"column":35},"end":{"line":152,"column":48}},"25":{"start":{"line":162,"column":0},"end":{"line":162,"column":28}}},"fnMap":{"0":{"name":"(anonymous_10)","decl":{"start":{"line":74,"column":31},"end":{"line":74,"column":34}},"loc":{"start":{"line":74,"column":36},"end":{"line":160,"column":1}}},"1":{"name":"(anonymous_11)","decl":{"start":{"line":78,"column":26},"end":{"line":78,"column":31}},"loc":{"start":{"line":78,"column":37},"end":{"line":90,"column":3}}},"2":{"name":"(anonymous_12)","decl":{"start":{"line":105,"column":21},"end":{"line":105,"column":22}},"loc":{"start":{"line":106,"column":12},"end":{"line":107,"column":null}}},"3":{"name":"(anonymous_13)","decl":{"start":{"line":109,"column":23},"end":{"line":109,"column":26}},"loc":{"start":{"line":109,"column":29},"end":{"line":109,"column":53}}},"4":{"name":"(anonymous_14)","decl":{"start":{"line":119,"column":37},"end":{"line":119,"column":38}},"loc":{"start":{"line":120,"column":20},"end":{"line":120,"column":38}}},"5":{"name":"(anonymous_15)","decl":{"start":{"line":152,"column":29},"end":{"line":152,"column":32}},"loc":{"start":{"line":152,"column":35},"end":{"line":152,"column":48}}}},"branchMap":{"0":{"loc":{"start":{"line":79,"column":4},"end":{"line":81,"column":5}},"type":"if","locations":[{"start":{"line":79,"column":4},"end":{"line":81,"column":5}}]},"1":{"loc":{"start":{"line":84,"column":6},"end":{"line":88,"column":7}},"type":"if","locations":[{"start":{"line":84,"column":6},"end":{"line":88,"column":7}},{"start":{"line":86,"column":13},"end":{"line":88,"column":7}}]},"2":{"loc":{"start":{"line":108,"column":54},"end":{"line":108,"column":96}},"type":"cond-expr","locations":[{"start":{"line":108,"column":81},"end":{"line":108,"column":91}},{"start":{"line":108,"column":94},"end":{"line":108,"column":96}}]},"3":{"loc":{"start":{"line":131,"column":17},"end":{"line":132,"column":35}},"type":"cond-expr","locations":[{"start":{"line":131,"column":44},"end":{"line":131,"column":64}},{"start":{"line":132,"column":20},"end":{"line":132,"column":35}}]}},"s":{"0":1,"1":1,"2":1,"3":1,"4":1,"5":1,"6":1,"7":1,"8":1,"9":1,"10":12,"11":12,"12":12,"13":2,"14":1,"15":1,"16":1,"17":1,"18":1,"19":0,"20":12,"21":36,"22":7,"23":192,"24":0,"25":1},"f":{"0":12,"1":2,"2":36,"3":7,"4":192,"5":0},"b":{"0":[1],"1":[1,0],"2":[7,29],"3":[7,29]}}
,"C:\\Users\\sparsh.yadav\\Desktop\\movie_explorer_reactjs_sparsh_yadav\\src\\pages\\Login\\Login.tsx": {"path":"C:\\Users\\sparsh.yadav\\Desktop\\movie_explorer_reactjs_sparsh_yadav\\src\\pages\\Login\\Login.tsx","statementMap":{"0":{"start":{"line":1,"column":0},"end":{"line":1,"column":43}},"1":{"start":{"line":2,"column":0},"end":{"line":2,"column":22}},"2":{"start":{"line":3,"column":0},"end":{"line":3,"column":43}},"3":{"start":{"line":4,"column":0},"end":{"line":4,"column":36}},"4":{"start":{"line":5,"column":0},"end":{"line":5,"column":37}},"5":{"start":{"line":6,"column":0},"end":{"line":6,"column":36}},"6":{"start":{"line":7,"column":0},"end":{"line":7,"column":32}},"7":{"start":{"line":8,"column":0},"end":{"line":8,"column":63}},"8":{"start":{"line":9,"column":0},"end":{"line":9,"column":26}},"9":{"start":{"line":40,"column":19},"end":{"line":48,"column":6}},"10":{"start":{"line":50,"column":19},"end":{"line":61,"column":5}},"11":{"start":{"line":51,"column":8},"end":{"line":51,"column":31}},"12":{"start":{"line":52,"column":8},"end":{"line":52,"column":37}},"13":{"start":{"line":53,"column":32},"end":{"line":53,"column":40}},"14":{"start":{"line":55,"column":8},"end":{"line":60,"column":12}},"15":{"start":{"line":55,"column":45},"end":{"line":60,"column":10}},"16":{"start":{"line":63,"column":19},"end":{"line":114,"column":5}},"17":{"start":{"line":64,"column":36},"end":{"line":64,"column":57}},"18":{"start":{"line":66,"column":27},"end":{"line":66,"column":55}},"19":{"start":{"line":68,"column":40},"end":{"line":68,"column":42}},"20":{"start":{"line":70,"column":31},"end":{"line":70,"column":35}},"21":{"start":{"line":72,"column":8},"end":{"line":79,"column":9}},"22":{"start":{"line":73,"column":12},"end":{"line":73,"column":52}},"23":{"start":{"line":74,"column":12},"end":{"line":74,"column":28}},"24":{"start":{"line":76,"column":13},"end":{"line":79,"column":9}},"25":{"start":{"line":77,"column":12},"end":{"line":77,"column":54}},"26":{"start":{"line":78,"column":12},"end":{"line":78,"column":28}},"27":{"start":{"line":81,"column":8},"end":{"line":84,"column":9}},"28":{"start":{"line":82,"column":12},"end":{"line":82,"column":58}},"29":{"start":{"line":83,"column":12},"end":{"line":83,"column":28}},"30":{"start":{"line":86,"column":8},"end":{"line":86,"column":34}},"31":{"start":{"line":88,"column":8},"end":{"line":113,"column":9}},"32":{"start":{"line":89,"column":12},"end":{"line":89,"column":47}},"33":{"start":{"line":90,"column":29},"end":{"line":90,"column":64}},"34":{"start":{"line":92,"column":26},"end":{"line":92,"column":47}},"35":{"start":{"line":93,"column":12},"end":{"line":99,"column":13}},"36":{"start":{"line":94,"column":16},"end":{"line":98,"column":19}},"37":{"start":{"line":101,"column":12},"end":{"line":101,"column":62}},"38":{"start":{"line":103,"column":12},"end":{"line":106,"column":13}},"39":{"start":{"line":104,"column":16},"end":{"line":104,"column":null}},"40":{"start":{"line":105,"column":16},"end":{"line":105,"column":51}},"41":{"start":{"line":108,"column":12},"end":{"line":112,"column":13}},"42":{"start":{"line":109,"column":16},"end":{"line":109,"column":52}},"43":{"start":{"line":110,"column":16},"end":{"line":110,"column":49}},"44":{"start":{"line":111,"column":16},"end":{"line":111,"column":52}},"45":{"start":{"line":116,"column":20},"end":{"line":120,"column":5}},"46":{"start":{"line":117,"column":8},"end":{"line":119,"column":9}},"47":{"start":{"line":118,"column":12},"end":{"line":118,"column":32}},"48":{"start":{"line":123,"column":53},"end":{"line":123,"column":63}},"49":{"start":{"line":125,"column":8},"end":{"line":174,"column":10}},"50":{"start":{"line":150,"column":65},"end":{"line":150,"column":111}},"51":{"start":{"line":178,"column":0},"end":{"line":178,"column":38}}},"fnMap":{"0":{"name":"(anonymous_1)","decl":{"start":{"line":50,"column":19},"end":{"line":50,"column":20}},"loc":{"start":{"line":50,"column":62},"end":{"line":61,"column":5}}},"1":{"name":"(anonymous_2)","decl":{"start":{"line":55,"column":22},"end":{"line":55,"column":23}},"loc":{"start":{"line":55,"column":45},"end":{"line":60,"column":10}}},"2":{"name":"(anonymous_3)","decl":{"start":{"line":63,"column":19},"end":{"line":63,"column":24}},"loc":{"start":{"line":63,"column":30},"end":{"line":114,"column":5}}},"3":{"name":"(anonymous_4)","decl":{"start":{"line":116,"column":20},"end":{"line":116,"column":21}},"loc":{"start":{"line":116,"column":47},"end":{"line":120,"column":5}}},"4":{"name":"(anonymous_5)","decl":{"start":{"line":122,"column":4},"end":{"line":122,"column":10}},"loc":{"start":{"line":122,"column":10},"end":{"line":175,"column":5}}},"5":{"name":"(anonymous_6)","decl":{"start":{"line":150,"column":59},"end":{"line":150,"column":62}},"loc":{"start":{"line":150,"column":65},"end":{"line":150,"column":111}}}},"branchMap":{"0":{"loc":{"start":{"line":72,"column":8},"end":{"line":79,"column":9}},"type":"if","locations":[{"start":{"line":72,"column":8},"end":{"line":79,"column":9}},{"start":{"line":76,"column":13},"end":{"line":79,"column":9}}]},"1":{"loc":{"start":{"line":76,"column":13},"end":{"line":79,"column":9}},"type":"if","locations":[{"start":{"line":76,"column":13},"end":{"line":79,"column":9}}]},"2":{"loc":{"start":{"line":81,"column":8},"end":{"line":84,"column":9}},"type":"if","locations":[{"start":{"line":81,"column":8},"end":{"line":84,"column":9}}]},"3":{"loc":{"start":{"line":88,"column":8},"end":{"line":113,"column":9}},"type":"if","locations":[{"start":{"line":88,"column":8},"end":{"line":113,"column":9}}]},"4":{"loc":{"start":{"line":93,"column":12},"end":{"line":99,"column":13}},"type":"if","locations":[{"start":{"line":93,"column":12},"end":{"line":99,"column":13}}]},"5":{"loc":{"start":{"line":103,"column":12},"end":{"line":106,"column":13}},"type":"if","locations":[{"start":{"line":103,"column":12},"end":{"line":106,"column":13}}]},"6":{"loc":{"start":{"line":108,"column":12},"end":{"line":112,"column":13}},"type":"if","locations":[{"start":{"line":108,"column":12},"end":{"line":112,"column":13}}]},"7":{"loc":{"start":{"line":117,"column":8},"end":{"line":119,"column":9}},"type":"if","locations":[{"start":{"line":117,"column":8},"end":{"line":119,"column":9}}]},"8":{"loc":{"start":{"line":138,"column":25},"end":{"line":138,"column":90}},"type":"binary-expr","locations":[{"start":{"line":138,"column":25},"end":{"line":138,"column":42}},{"start":{"line":138,"column":46},"end":{"line":138,"column":90}}]},"9":{"loc":{"start":{"line":144,"column":38},"end":{"line":144,"column":72}},"type":"cond-expr","locations":[{"start":{"line":144,"column":53},"end":{"line":144,"column":59}},{"start":{"line":144,"column":62},"end":{"line":144,"column":72}}]},"10":{"loc":{"start":{"line":151,"column":33},"end":{"line":151,"column":100}},"type":"cond-expr","locations":[{"start":{"line":151,"column":48},"end":{"line":151,"column":71}},{"start":{"line":151,"column":74},"end":{"line":151,"column":100}}]},"11":{"loc":{"start":{"line":154,"column":25},"end":{"line":154,"column":96}},"type":"binary-expr","locations":[{"start":{"line":154,"column":25},"end":{"line":154,"column":45}},{"start":{"line":154,"column":49},"end":{"line":154,"column":96}}]},"12":{"loc":{"start":{"line":158,"column":48},"end":{"line":158,"column":85}},"type":"cond-expr","locations":[{"start":{"line":158,"column":71},"end":{"line":158,"column":80}},{"start":{"line":158,"column":83},"end":{"line":158,"column":85}}]},"13":{"loc":{"start":{"line":162,"column":25},"end":{"line":165,"column":null}},"type":"cond-expr","locations":[{"start":{"line":163,"column":28},"end":{"line":163,"column":72}},{"start":{"line":165,"column":28},"end":{"line":165,"column":35}}]}},"s":{"0":1,"1":1,"2":1,"3":1,"4":1,"5":1,"6":1,"7":1,"8":1,"9":4,"10":4,"11":27,"12":27,"13":27,"14":27,"15":27,"16":4,"17":1,"18":1,"19":1,"20":1,"21":1,"22":1,"23":1,"24":0,"25":0,"26":0,"27":1,"28":1,"29":1,"30":1,"31":1,"32":0,"33":0,"34":0,"35":0,"36":0,"37":0,"38":0,"39":0,"40":0,"41":0,"42":0,"43":0,"44":0,"45":4,"46":27,"47":0,"48":34,"49":34,"50":2,"51":1},"f":{"0":27,"1":27,"2":1,"3":27,"4":34,"5":2},"b":{"0":[1,0],"1":[0],"2":[1],"3":[0],"4":[0],"5":[0],"6":[0],"7":[0],"8":[34,1],"9":[1,33],"10":[1,33],"11":[34,1],"12":[0,34],"13":[0,34]}}
,"C:\\Users\\sparsh.yadav\\Desktop\\movie_explorer_reactjs_sparsh_yadav\\src\\pages\\Signup\\Signup.tsx": {"path":"C:\\Users\\sparsh.yadav\\Desktop\\movie_explorer_reactjs_sparsh_yadav\\src\\pages\\Signup\\Signup.tsx","statementMap":{"0":{"start":{"line":1,"column":0},"end":{"line":1,"column":26}},"1":{"start":{"line":2,"column":0},"end":{"line":2,"column":43}},"2":{"start":{"line":3,"column":0},"end":{"line":3,"column":36}},"3":{"start":{"line":4,"column":0},"end":{"line":4,"column":23}},"4":{"start":{"line":5,"column":0},"end":{"line":5,"column":43}},"5":{"start":{"line":6,"column":0},"end":{"line":6,"column":38}},"6":{"start":{"line":7,"column":0},"end":{"line":7,"column":36}},"7":{"start":{"line":8,"column":0},"end":{"line":8,"column":63}},"8":{"start":{"line":35,"column":19},"end":{"line":47,"column":6}},"9":{"start":{"line":49,"column":19},"end":{"line":61,"column":5}},"10":{"start":{"line":50,"column":32},"end":{"line":50,"column":40}},"11":{"start":{"line":51,"column":8},"end":{"line":51,"column":31}},"12":{"start":{"line":53,"column":8},"end":{"line":53,"column":37}},"13":{"start":{"line":55,"column":8},"end":{"line":60,"column":12}},"14":{"start":{"line":55,"column":45},"end":{"line":60,"column":10}},"15":{"start":{"line":63,"column":19},"end":{"line":129,"column":5}},"16":{"start":{"line":64,"column":76},"end":{"line":64,"column":97}},"17":{"start":{"line":66,"column":27},"end":{"line":66,"column":55}},"18":{"start":{"line":67,"column":30},"end":{"line":67,"column":108}},"19":{"start":{"line":68,"column":33},"end":{"line":68,"column":50}},"20":{"start":{"line":70,"column":40},"end":{"line":70,"column":42}},"21":{"start":{"line":72,"column":31},"end":{"line":72,"column":35}},"22":{"start":{"line":74,"column":8},"end":{"line":81,"column":9}},"23":{"start":{"line":75,"column":12},"end":{"line":75,"column":52}},"24":{"start":{"line":76,"column":12},"end":{"line":76,"column":28}},"25":{"start":{"line":78,"column":13},"end":{"line":81,"column":9}},"26":{"start":{"line":79,"column":12},"end":{"line":79,"column":54}},"27":{"start":{"line":80,"column":12},"end":{"line":80,"column":28}},"28":{"start":{"line":83,"column":8},"end":{"line":86,"column":9}},"29":{"start":{"line":84,"column":12},"end":{"line":84,"column":58}},"30":{"start":{"line":85,"column":12},"end":{"line":85,"column":28}},"31":{"start":{"line":88,"column":8},"end":{"line":95,"column":9}},"32":{"start":{"line":89,"column":12},"end":{"line":89,"column":65}},"33":{"start":{"line":90,"column":12},"end":{"line":90,"column":28}},"34":{"start":{"line":92,"column":13},"end":{"line":95,"column":9}},"35":{"start":{"line":93,"column":12},"end":{"line":93,"column":null}},"36":{"start":{"line":94,"column":12},"end":{"line":94,"column":28}},"37":{"start":{"line":97,"column":8},"end":{"line":104,"column":9}},"38":{"start":{"line":98,"column":12},"end":{"line":98,"column":58}},"39":{"start":{"line":99,"column":12},"end":{"line":99,"column":28}},"40":{"start":{"line":101,"column":13},"end":{"line":104,"column":9}},"41":{"start":{"line":102,"column":12},"end":{"line":102,"column":140}},"42":{"start":{"line":103,"column":12},"end":{"line":103,"column":28}},"43":{"start":{"line":106,"column":8},"end":{"line":113,"column":9}},"44":{"start":{"line":107,"column":12},"end":{"line":107,"column":73}},"45":{"start":{"line":108,"column":12},"end":{"line":108,"column":28}},"46":{"start":{"line":110,"column":13},"end":{"line":113,"column":9}},"47":{"start":{"line":111,"column":12},"end":{"line":111,"column":67}},"48":{"start":{"line":112,"column":12},"end":{"line":112,"column":28}},"49":{"start":{"line":115,"column":8},"end":{"line":115,"column":34}},"50":{"start":{"line":117,"column":8},"end":{"line":128,"column":9}},"51":{"start":{"line":118,"column":12},"end":{"line":118,"column":47}},"52":{"start":{"line":119,"column":29},"end":{"line":119,"column":109}},"53":{"start":{"line":121,"column":12},"end":{"line":125,"column":13}},"54":{"start":{"line":122,"column":16},"end":{"line":122,"column":53}},"55":{"start":{"line":124,"column":16},"end":{"line":124,"column":null}},"56":{"start":{"line":127,"column":12},"end":{"line":127,"column":48}},"57":{"start":{"line":132,"column":74},"end":{"line":132,"column":84}},"58":{"start":{"line":134,"column":8},"end":{"line":228,"column":10}},"59":{"start":{"line":181,"column":65},"end":{"line":181,"column":111}},"60":{"start":{"line":200,"column":36},"end":{"line":200,"column":96}},"61":{"start":{"line":232,"column":0},"end":{"line":232,"column":39}}},"fnMap":{"0":{"name":"(anonymous_1)","decl":{"start":{"line":49,"column":19},"end":{"line":49,"column":20}},"loc":{"start":{"line":49,"column":62},"end":{"line":61,"column":5}}},"1":{"name":"(anonymous_2)","decl":{"start":{"line":55,"column":22},"end":{"line":55,"column":23}},"loc":{"start":{"line":55,"column":45},"end":{"line":60,"column":10}}},"2":{"name":"(anonymous_3)","decl":{"start":{"line":63,"column":19},"end":{"line":63,"column":24}},"loc":{"start":{"line":63,"column":30},"end":{"line":129,"column":5}}},"3":{"name":"(anonymous_4)","decl":{"start":{"line":131,"column":4},"end":{"line":131,"column":10}},"loc":{"start":{"line":131,"column":10},"end":{"line":229,"column":5}}},"4":{"name":"(anonymous_5)","decl":{"start":{"line":181,"column":59},"end":{"line":181,"column":62}},"loc":{"start":{"line":181,"column":65},"end":{"line":181,"column":111}}},"5":{"name":"(anonymous_6)","decl":{"start":{"line":199,"column":41},"end":{"line":199,"column":44}},"loc":{"start":{"line":200,"column":36},"end":{"line":200,"column":96}}}},"branchMap":{"0":{"loc":{"start":{"line":74,"column":8},"end":{"line":81,"column":9}},"type":"if","locations":[{"start":{"line":74,"column":8},"end":{"line":81,"column":9}},{"start":{"line":78,"column":13},"end":{"line":81,"column":9}}]},"1":{"loc":{"start":{"line":78,"column":13},"end":{"line":81,"column":9}},"type":"if","locations":[{"start":{"line":78,"column":13},"end":{"line":81,"column":9}}]},"2":{"loc":{"start":{"line":83,"column":8},"end":{"line":86,"column":9}},"type":"if","locations":[{"start":{"line":83,"column":8},"end":{"line":86,"column":9}}]},"3":{"loc":{"start":{"line":88,"column":8},"end":{"line":95,"column":9}},"type":"if","locations":[{"start":{"line":88,"column":8},"end":{"line":95,"column":9}},{"start":{"line":92,"column":13},"end":{"line":95,"column":9}}]},"4":{"loc":{"start":{"line":92,"column":13},"end":{"line":95,"column":9}},"type":"if","locations":[{"start":{"line":92,"column":13},"end":{"line":95,"column":9}}]},"5":{"loc":{"start":{"line":97,"column":8},"end":{"line":104,"column":9}},"type":"if","locations":[{"start":{"line":97,"column":8},"end":{"line":104,"column":9}},{"start":{"line":101,"column":13},"end":{"line":104,"column":9}}]},"6":{"loc":{"start":{"line":101,"column":13},"end":{"line":104,"column":9}},"type":"if","locations":[{"start":{"line":101,"column":13},"end":{"line":104,"column":9}}]},"7":{"loc":{"start":{"line":106,"column":8},"end":{"line":113,"column":9}},"type":"if","locations":[{"start":{"line":106,"column":8},"end":{"line":113,"column":9}},{"start":{"line":110,"column":13},"end":{"line":113,"column":9}}]},"8":{"loc":{"start":{"line":110,"column":13},"end":{"line":113,"column":9}},"type":"if","locations":[{"start":{"line":110,"column":13},"end":{"line":113,"column":9}}]},"9":{"loc":{"start":{"line":117,"column":8},"end":{"line":128,"column":9}},"type":"if","locations":[{"start":{"line":117,"column":8},"end":{"line":128,"column":9}}]},"10":{"loc":{"start":{"line":121,"column":12},"end":{"line":125,"column":13}},"type":"if","locations":[{"start":{"line":121,"column":12},"end":{"line":125,"column":13}}]},"11":{"loc":{"start":{"line":147,"column":25},"end":{"line":147,"column":90}},"type":"binary-expr","locations":[{"start":{"line":147,"column":25},"end":{"line":147,"column":42}},{"start":{"line":147,"column":46},"end":{"line":147,"column":90}}]},"12":{"loc":{"start":{"line":158,"column":25},"end":{"line":158,"column":96}},"type":"binary-expr","locations":[{"start":{"line":158,"column":25},"end":{"line":158,"column":45}},{"start":{"line":158,"column":49},"end":{"line":158,"column":96}}]},"13":{"loc":{"start":{"line":169,"column":25},"end":{"line":169,"column":102}},"type":"binary-expr","locations":[{"start":{"line":169,"column":25},"end":{"line":169,"column":48}},{"start":{"line":169,"column":52},"end":{"line":169,"column":102}}]},"14":{"loc":{"start":{"line":175,"column":38},"end":{"line":175,"column":72}},"type":"cond-expr","locations":[{"start":{"line":175,"column":53},"end":{"line":175,"column":59}},{"start":{"line":175,"column":62},"end":{"line":175,"column":72}}]},"15":{"loc":{"start":{"line":182,"column":33},"end":{"line":182,"column":100}},"type":"cond-expr","locations":[{"start":{"line":182,"column":48},"end":{"line":182,"column":71}},{"start":{"line":182,"column":74},"end":{"line":182,"column":100}}]},"16":{"loc":{"start":{"line":185,"column":25},"end":{"line":185,"column":96}},"type":"binary-expr","locations":[{"start":{"line":185,"column":25},"end":{"line":185,"column":45}},{"start":{"line":185,"column":49},"end":{"line":185,"column":96}}]},"17":{"loc":{"start":{"line":191,"column":38},"end":{"line":191,"column":79}},"type":"cond-expr","locations":[{"start":{"line":191,"column":60},"end":{"line":191,"column":66}},{"start":{"line":191,"column":69},"end":{"line":191,"column":79}}]},"18":{"loc":{"start":{"line":203,"column":33},"end":{"line":203,"column":107}},"type":"cond-expr","locations":[{"start":{"line":203,"column":55},"end":{"line":203,"column":78}},{"start":{"line":203,"column":81},"end":{"line":203,"column":107}}]},"19":{"loc":{"start":{"line":207,"column":25},"end":{"line":208,"column":null}},"type":"binary-expr","locations":[{"start":{"line":207,"column":25},"end":{"line":207,"column":52}},{"start":{"line":208,"column":28},"end":{"line":208,"column":82}}]},"20":{"loc":{"start":{"line":212,"column":49},"end":{"line":212,"column":86}},"type":"cond-expr","locations":[{"start":{"line":212,"column":72},"end":{"line":212,"column":81}},{"start":{"line":212,"column":84},"end":{"line":212,"column":86}}]},"21":{"loc":{"start":{"line":216,"column":25},"end":{"line":219,"column":null}},"type":"cond-expr","locations":[{"start":{"line":217,"column":28},"end":{"line":217,"column":73}},{"start":{"line":219,"column":28},"end":{"line":219,"column":47}}]}},"s":{"0":1,"1":1,"2":1,"3":1,"4":1,"5":1,"6":1,"7":1,"8":4,"9":4,"10":4,"11":4,"12":4,"13":4,"14":4,"15":4,"16":2,"17":2,"18":2,"19":2,"20":2,"21":2,"22":2,"23":1,"24":1,"25":1,"26":1,"27":1,"28":2,"29":2,"30":2,"31":2,"32":1,"33":1,"34":1,"35":1,"36":1,"37":2,"38":1,"39":1,"40":1,"41":1,"42":1,"43":2,"44":1,"45":1,"46":1,"47":1,"48":1,"49":2,"50":2,"51":0,"52":0,"53":0,"54":0,"55":0,"56":0,"57":12,"58":12,"59":1,"60":1,"61":1},"f":{"0":4,"1":4,"2":2,"3":12,"4":1,"5":1},"b":{"0":[1,1],"1":[1],"2":[2],"3":[1,1],"4":[1],"5":[1,1],"6":[1],"7":[1,1],"8":[1],"9":[0],"10":[0],"11":[12,2],"12":[12,2],"13":[12,2],"14":[2,10],"15":[2,10],"16":[12,2],"17":[1,11],"18":[1,11],"19":[12,2],"20":[0,12],"21":[0,12]}}
,"C:\\Users\\sparsh.yadav\\Desktop\\movie_explorer_reactjs_sparsh_yadav\\src\\pages\\SubscriptionPage\\Cancel\\Cancel.tsx": {"path":"C:\\Users\\sparsh.yadav\\Desktop\\movie_explorer_reactjs_sparsh_yadav\\src\\pages\\SubscriptionPage\\Cancel\\Cancel.tsx","statementMap":{"0":{"start":{"line":1,"column":0},"end":{"line":1,"column":51}},"1":{"start":{"line":2,"column":0},"end":{"line":2,"column":60}},"2":{"start":{"line":3,"column":0},"end":{"line":3,"column":56}},"3":{"start":{"line":4,"column":0},"end":{"line":4,"column":23}},"4":{"start":{"line":5,"column":0},"end":{"line":5,"column":59}},"5":{"start":{"line":13,"column":25},"end":{"line":88,"column":1}},"6":{"start":{"line":14,"column":32},"end":{"line":14,"column":55}},"7":{"start":{"line":15,"column":56},"end":{"line":15,"column":98}},"8":{"start":{"line":16,"column":19},"end":{"line":16,"column":32}},"9":{"start":{"line":17,"column":19},"end":{"line":17,"column":32}},"10":{"start":{"line":19,"column":2},"end":{"line":33,"column":24}},"11":{"start":{"line":20,"column":31},"end":{"line":30,"column":5}},"12":{"start":{"line":21,"column":6},"end":{"line":29,"column":7}},"13":{"start":{"line":22,"column":25},"end":{"line":22,"column":60}},"14":{"start":{"line":24,"column":8},"end":{"line":24,"column":49}},"15":{"start":{"line":25,"column":8},"end":{"line":25,"column":26}},"16":{"start":{"line":27,"column":8},"end":{"line":27,"column":60}},"17":{"start":{"line":28,"column":8},"end":{"line":28,"column":26}},"18":{"start":{"line":32,"column":4},"end":{"line":32,"column":25}},"19":{"start":{"line":35,"column":21},"end":{"line":43,"column":3}},"20":{"start":{"line":36,"column":4},"end":{"line":36,"column":31}},"21":{"start":{"line":36,"column":21},"end":{"line":36,"column":31}},"22":{"start":{"line":37,"column":17},"end":{"line":37,"column":37}},"23":{"start":{"line":38,"column":4},"end":{"line":42,"column":7}},"24":{"start":{"line":45,"column":2},"end":{"line":87,"column":4}},"25":{"start":{"line":70,"column":33},"end":{"line":70,"column":55}},"26":{"start":{"line":76,"column":34},"end":{"line":76,"column":60}},"27":{"start":{"line":90,"column":0},"end":{"line":90,"column":22}}},"fnMap":{"0":{"name":"(anonymous_10)","decl":{"start":{"line":13,"column":25},"end":{"line":13,"column":28}},"loc":{"start":{"line":13,"column":30},"end":{"line":88,"column":1}}},"1":{"name":"(anonymous_11)","decl":{"start":{"line":19,"column":12},"end":{"line":19,"column":15}},"loc":{"start":{"line":19,"column":17},"end":{"line":33,"column":3}}},"2":{"name":"(anonymous_12)","decl":{"start":{"line":20,"column":31},"end":{"line":20,"column":36}},"loc":{"start":{"line":20,"column":42},"end":{"line":30,"column":5}}},"3":{"name":"(anonymous_13)","decl":{"start":{"line":35,"column":21},"end":{"line":35,"column":22}},"loc":{"start":{"line":35,"column":45},"end":{"line":43,"column":3}}},"4":{"name":"(anonymous_14)","decl":{"start":{"line":70,"column":27},"end":{"line":70,"column":30}},"loc":{"start":{"line":70,"column":33},"end":{"line":70,"column":55}}},"5":{"name":"(anonymous_15)","decl":{"start":{"line":76,"column":27},"end":{"line":76,"column":30}},"loc":{"start":{"line":76,"column":34},"end":{"line":76,"column":60}}}},"branchMap":{"0":{"loc":{"start":{"line":24,"column":31},"end":{"line":24,"column":47}},"type":"binary-expr","locations":[{"start":{"line":24,"column":31},"end":{"line":24,"column":39}},{"start":{"line":24,"column":43},"end":{"line":24,"column":47}}]},"1":{"loc":{"start":{"line":36,"column":4},"end":{"line":36,"column":31}},"type":"if","locations":[{"start":{"line":36,"column":4},"end":{"line":36,"column":31}}]},"2":{"loc":{"start":{"line":49,"column":11},"end":{"line":82,"column":null}},"type":"cond-expr","locations":[{"start":{"line":50,"column":12},"end":{"line":52,"column":null}},{"start":{"line":55,"column":12},"end":{"line":81,"column":null}}]},"3":{"loc":{"start":{"line":62,"column":17},"end":{"line":65,"column":null}},"type":"binary-expr","locations":[{"start":{"line":62,"column":17},"end":{"line":62,"column":46}},{"start":{"line":63,"column":18},"end":{"line":64,"column":null}}]}},"s":{"0":1,"1":1,"2":1,"3":1,"4":1,"5":1,"6":9,"7":9,"8":9,"9":9,"10":9,"11":5,"12":5,"13":5,"14":4,"15":4,"16":1,"17":1,"18":5,"19":9,"20":1,"21":0,"22":1,"23":1,"24":9,"25":1,"26":0,"27":1},"f":{"0":9,"1":5,"2":5,"3":1,"4":1,"5":0},"b":{"0":[4,1],"1":[0],"2":[5,4],"3":[4,1]}}
,"C:\\Users\\sparsh.yadav\\Desktop\\movie_explorer_reactjs_sparsh_yadav\\src\\pages\\SubscriptionPage\\Cancel\\CircleCloseIcon.tsx": {"path":"C:\\Users\\sparsh.yadav\\Desktop\\movie_explorer_reactjs_sparsh_yadav\\src\\pages\\SubscriptionPage\\Cancel\\CircleCloseIcon.tsx","statementMap":{"0":{"start":{"line":1,"column":0},"end":{"line":1,"column":26}},"1":{"start":{"line":3,"column":56},"end":{"line":20,"column":1}},"2":{"start":{"line":4,"column":2},"end":{"line":19,"column":4}},"3":{"start":{"line":22,"column":0},"end":{"line":22,"column":31}}},"fnMap":{"0":{"name":"(anonymous_1)","decl":{"start":{"line":3,"column":56},"end":{"line":3,"column":57}},"loc":{"start":{"line":3,"column":72},"end":{"line":20,"column":1}}}},"branchMap":{},"s":{"0":1,"1":1,"2":4,"3":1},"f":{"0":4},"b":{}}
,"C:\\Users\\sparsh.yadav\\Desktop\\movie_explorer_reactjs_sparsh_yadav\\src\\pages\\SubscriptionPage\\Success\\Success.tsx": {"path":"C:\\Users\\sparsh.yadav\\Desktop\\movie_explorer_reactjs_sparsh_yadav\\src\\pages\\SubscriptionPage\\Success\\Success.tsx","statementMap":{"0":{"start":{"line":1,"column":0},"end":{"line":1,"column":51}},"1":{"start":{"line":2,"column":0},"end":{"line":2,"column":47}},"2":{"start":{"line":3,"column":0},"end":{"line":3,"column":48}},"3":{"start":{"line":4,"column":0},"end":{"line":4,"column":24}},"4":{"start":{"line":5,"column":0},"end":{"line":5,"column":59}},"5":{"start":{"line":12,"column":26},"end":{"line":90,"column":1}},"6":{"start":{"line":13,"column":32},"end":{"line":13,"column":55}},"7":{"start":{"line":14,"column":28},"end":{"line":14,"column":57}},"8":{"start":{"line":15,"column":56},"end":{"line":15,"column":98}},"9":{"start":{"line":16,"column":19},"end":{"line":16,"column":32}},"10":{"start":{"line":18,"column":2},"end":{"line":44,"column":24}},"11":{"start":{"line":19,"column":31},"end":{"line":41,"column":5}},"12":{"start":{"line":20,"column":21},"end":{"line":20,"column":57}},"13":{"start":{"line":21,"column":24},"end":{"line":21,"column":48}},"14":{"start":{"line":23,"column":6},"end":{"line":27,"column":7}},"15":{"start":{"line":24,"column":8},"end":{"line":24,"column":52}},"16":{"start":{"line":25,"column":8},"end":{"line":25,"column":26}},"17":{"start":{"line":26,"column":8},"end":{"line":26,"column":15}},"18":{"start":{"line":29,"column":6},"end":{"line":40,"column":7}},"19":{"start":{"line":30,"column":23},"end":{"line":30,"column":67}},"20":{"start":{"line":32,"column":8},"end":{"line":32,"column":49}},"21":{"start":{"line":33,"column":8},"end":{"line":33,"column":26}},"22":{"start":{"line":35,"column":8},"end":{"line":35,"column":60}},"23":{"start":{"line":36,"column":8},"end":{"line":38,"column":10}},"24":{"start":{"line":39,"column":8},"end":{"line":39,"column":26}},"25":{"start":{"line":43,"column":4},"end":{"line":43,"column":25}},"26":{"start":{"line":46,"column":2},"end":{"line":89,"column":4}},"27":{"start":{"line":60,"column":32},"end":{"line":60,"column":75}},"28":{"start":{"line":79,"column":32},"end":{"line":79,"column":58}},"29":{"start":{"line":92,"column":0},"end":{"line":92,"column":23}}},"fnMap":{"0":{"name":"(anonymous_10)","decl":{"start":{"line":12,"column":26},"end":{"line":12,"column":29}},"loc":{"start":{"line":12,"column":31},"end":{"line":90,"column":1}}},"1":{"name":"(anonymous_11)","decl":{"start":{"line":18,"column":12},"end":{"line":18,"column":15}},"loc":{"start":{"line":18,"column":17},"end":{"line":44,"column":3}}},"2":{"name":"(anonymous_12)","decl":{"start":{"line":19,"column":31},"end":{"line":19,"column":36}},"loc":{"start":{"line":19,"column":42},"end":{"line":41,"column":5}}},"3":{"name":"(anonymous_13)","decl":{"start":{"line":60,"column":25},"end":{"line":60,"column":28}},"loc":{"start":{"line":60,"column":32},"end":{"line":60,"column":75}}},"4":{"name":"(anonymous_14)","decl":{"start":{"line":79,"column":25},"end":{"line":79,"column":28}},"loc":{"start":{"line":79,"column":32},"end":{"line":79,"column":58}}}},"branchMap":{"0":{"loc":{"start":{"line":23,"column":6},"end":{"line":27,"column":7}},"type":"if","locations":[{"start":{"line":23,"column":6},"end":{"line":27,"column":7}}]},"1":{"loc":{"start":{"line":32,"column":31},"end":{"line":32,"column":47}},"type":"binary-expr","locations":[{"start":{"line":32,"column":31},"end":{"line":32,"column":39}},{"start":{"line":32,"column":43},"end":{"line":32,"column":47}}]},"2":{"loc":{"start":{"line":37,"column":10},"end":{"line":37,"column":89}},"type":"binary-expr","locations":[{"start":{"line":37,"column":10},"end":{"line":37,"column":35}},{"start":{"line":37,"column":39},"end":{"line":37,"column":89}}]},"3":{"loc":{"start":{"line":50,"column":11},"end":{"line":84,"column":null}},"type":"cond-expr","locations":[{"start":{"line":51,"column":12},"end":{"line":53,"column":null}},{"start":{"line":55,"column":14},"end":{"line":84,"column":null}}]},"4":{"loc":{"start":{"line":55,"column":14},"end":{"line":84,"column":null}},"type":"cond-expr","locations":[{"start":{"line":56,"column":12},"end":{"line":64,"column":null}},{"start":{"line":67,"column":12},"end":{"line":83,"column":null}}]},"5":{"loc":{"start":{"line":74,"column":17},"end":{"line":75,"column":null}},"type":"binary-expr","locations":[{"start":{"line":74,"column":17},"end":{"line":74,"column":47}},{"start":{"line":75,"column":18},"end":{"line":75,"column":97}}]}},"s":{"0":1,"1":1,"2":1,"3":1,"4":1,"5":1,"6":13,"7":13,"8":13,"9":13,"10":13,"11":7,"12":7,"13":7,"14":7,"15":1,"16":1,"17":1,"18":6,"19":6,"20":4,"21":4,"22":2,"23":2,"24":2,"25":7,"26":13,"27":0,"28":0,"29":1},"f":{"0":13,"1":7,"2":7,"3":0,"4":0},"b":{"0":[1],"1":[4,1],"2":[2,1],"3":[7,6],"4":[3,3],"5":[3,1]}}
}
