{"C:\\Users\\sparsh.yadav\\Desktop\\movie_explorer_reactjs_sparsh_yadav\\src\\components\\BornToday\\BornToday.tsx": {"path":"C:\\Users\\sparsh.yadav\\Desktop\\movie_explorer_reactjs_sparsh_yadav\\src\\components\\BornToday\\BornToday.tsx","statementMap":{"0":{"start":{"line":1,"column":0},"end":{"line":1,"column":44}},"1":{"start":{"line":2,"column":0},"end":{"line":2,"column":25}},"2":{"start":{"line":3,"column":0},"end":{"line":3,"column":68}},"3":{"start":{"line":4,"column":0},"end":{"line":4,"column":44}},"4":{"start":{"line":5,"column":0},"end":{"line":5,"column":36}},"5":{"start":{"line":21,"column":18},"end":{"line":21,"column":45}},"6":{"start":{"line":22,"column":16},"end":{"line":22,"column":19}},"7":{"start":{"line":23,"column":19},"end":{"line":23,"column":20}},"8":{"start":{"line":24,"column":19},"end":{"line":24,"column":53}},"9":{"start":{"line":26,"column":27},"end":{"line":82,"column":6}},"10":{"start":{"line":86,"column":8},"end":{"line":86,"column":21}},"11":{"start":{"line":87,"column":8},"end":{"line":91,"column":10}},"12":{"start":{"line":95,"column":25},"end":{"line":95,"column":49}},"13":{"start":{"line":96,"column":8},"end":{"line":98,"column":9}},"14":{"start":{"line":97,"column":12},"end":{"line":97,"column":75}},"15":{"start":{"line":102,"column":25},"end":{"line":102,"column":49}},"16":{"start":{"line":103,"column":8},"end":{"line":105,"column":9}},"17":{"start":{"line":104,"column":12},"end":{"line":104,"column":78}},"18":{"start":{"line":108,"column":27},"end":{"line":119,"column":5}},"19":{"start":{"line":109,"column":25},"end":{"line":109,"column":49}},"20":{"start":{"line":110,"column":8},"end":{"line":118,"column":9}},"21":{"start":{"line":111,"column":32},"end":{"line":111,"column":51}},"22":{"start":{"line":112,"column":30},"end":{"line":112,"column":73}},"23":{"start":{"line":114,"column":12},"end":{"line":117,"column":null}},"24":{"start":{"line":121,"column":19},"end":{"line":140,"column":5}},"25":{"start":{"line":122,"column":35},"end":{"line":122,"column":45}},"26":{"start":{"line":123,"column":25},"end":{"line":123,"column":49}},"27":{"start":{"line":125,"column":8},"end":{"line":139,"column":9}},"28":{"start":{"line":126,"column":30},"end":{"line":126,"column":73}},"29":{"start":{"line":129,"column":12},"end":{"line":133,"column":13}},"30":{"start":{"line":130,"column":16},"end":{"line":130,"column":78}},"31":{"start":{"line":132,"column":16},"end":{"line":132,"column":86}},"32":{"start":{"line":135,"column":12},"end":{"line":138,"column":15}},"33":{"start":{"line":143,"column":49},"end":{"line":143,"column":59}},"34":{"start":{"line":145,"column":30},"end":{"line":145,"column":48}},"35":{"start":{"line":146,"column":31},"end":{"line":146,"column":110}},"36":{"start":{"line":148,"column":8},"end":{"line":189,"column":null}},"37":{"start":{"line":152,"column":40},"end":{"line":152,"column":77}},"38":{"start":{"line":160,"column":47},"end":{"line":160,"column":72}},"39":{"start":{"line":169,"column":32},"end":{"line":169,"column":null}},"40":{"start":{"line":180,"column":47},"end":{"line":180,"column":73}},"41":{"start":{"line":20,"column":0},"end":{"line":20,"column":13}},"42":{"start":{"line":193,"column":0},"end":{"line":193,"column":null}}},"fnMap":{"0":{"name":"(anonymous_1)","decl":{"start":{"line":85,"column":4},"end":{"line":85,"column":16}},"loc":{"start":{"line":85,"column":29},"end":{"line":92,"column":5}}},"1":{"name":"(anonymous_2)","decl":{"start":{"line":94,"column":4},"end":{"line":94,"column":21}},"loc":{"start":{"line":94,"column":21},"end":{"line":99,"column":5}}},"2":{"name":"(anonymous_3)","decl":{"start":{"line":101,"column":4},"end":{"line":101,"column":24}},"loc":{"start":{"line":101,"column":24},"end":{"line":106,"column":5}}},"3":{"name":"(anonymous_4)","decl":{"start":{"line":108,"column":27},"end":{"line":108,"column":30}},"loc":{"start":{"line":108,"column":32},"end":{"line":119,"column":5}}},"4":{"name":"(anonymous_5)","decl":{"start":{"line":121,"column":19},"end":{"line":121,"column":20}},"loc":{"start":{"line":121,"column":51},"end":{"line":140,"column":5}}},"5":{"name":"(anonymous_6)","decl":{"start":{"line":142,"column":4},"end":{"line":142,"column":10}},"loc":{"start":{"line":142,"column":10},"end":{"line":190,"column":5}}},"6":{"name":"(anonymous_7)","decl":{"start":{"line":152,"column":34},"end":{"line":152,"column":37}},"loc":{"start":{"line":152,"column":40},"end":{"line":152,"column":77}}},"7":{"name":"(anonymous_8)","decl":{"start":{"line":160,"column":41},"end":{"line":160,"column":44}},"loc":{"start":{"line":160,"column":47},"end":{"line":160,"column":72}}},"8":{"name":"(anonymous_9)","decl":{"start":{"line":168,"column":50},"end":{"line":168,"column":51}},"loc":{"start":{"line":169,"column":32},"end":{"line":169,"column":null}}},"9":{"name":"(anonymous_10)","decl":{"start":{"line":180,"column":41},"end":{"line":180,"column":44}},"loc":{"start":{"line":180,"column":47},"end":{"line":180,"column":73}}}},"branchMap":{"0":{"loc":{"start":{"line":96,"column":8},"end":{"line":98,"column":9}},"type":"if","locations":[{"start":{"line":96,"column":8},"end":{"line":98,"column":9}}]},"1":{"loc":{"start":{"line":103,"column":8},"end":{"line":105,"column":9}},"type":"if","locations":[{"start":{"line":103,"column":8},"end":{"line":105,"column":9}}]},"2":{"loc":{"start":{"line":110,"column":8},"end":{"line":118,"column":9}},"type":"if","locations":[{"start":{"line":110,"column":8},"end":{"line":118,"column":9}}]},"3":{"loc":{"start":{"line":125,"column":8},"end":{"line":139,"column":9}},"type":"if","locations":[{"start":{"line":125,"column":8},"end":{"line":139,"column":9}}]},"4":{"loc":{"start":{"line":129,"column":12},"end":{"line":133,"column":13}},"type":"if","locations":[{"start":{"line":129,"column":12},"end":{"line":133,"column":13}},{"start":{"line":131,"column":19},"end":{"line":133,"column":13}}]},"5":{"loc":{"start":{"line":157,"column":25},"end":{"line":164,"column":null}},"type":"binary-expr","locations":[{"start":{"line":157,"column":25},"end":{"line":157,"column":37}},{"start":{"line":157,"column":41},"end":{"line":157,"column":54}},{"start":{"line":158,"column":28},"end":{"line":163,"column":null}}]},"6":{"loc":{"start":{"line":177,"column":25},"end":{"line":184,"column":null}},"type":"binary-expr","locations":[{"start":{"line":177,"column":25},"end":{"line":177,"column":37}},{"start":{"line":177,"column":41},"end":{"line":177,"column":55}},{"start":{"line":178,"column":28},"end":{"line":183,"column":null}}]}},"s":{"0":1,"1":1,"2":1,"3":1,"4":1,"5":6,"6":6,"7":6,"8":6,"9":6,"10":6,"11":6,"12":6,"13":6,"14":6,"15":6,"16":6,"17":6,"18":6,"19":1,"20":1,"21":1,"22":1,"23":1,"24":6,"25":1,"26":1,"27":1,"28":1,"29":1,"30":0,"31":1,"32":1,"33":10,"34":10,"35":10,"36":10,"37":3,"38":0,"39":90,"40":1,"41":1,"42":1},"f":{"0":6,"1":6,"2":6,"3":1,"4":1,"5":10,"6":3,"7":0,"8":90,"9":1},"b":{"0":[6],"1":[6],"2":[1],"3":[1],"4":[0,1],"5":[10,4,1],"6":[10,4,4]}}
}
