TN:
SF:src\components\BornToday\BornToday.tsx
FN:85,(anonymous_1)
FN:94,(anonymous_2)
FN:101,(anonymous_3)
FN:108,(anonymous_4)
FN:121,(anonymous_5)
FN:142,(anonymous_6)
FN:152,(anonymous_7)
FN:160,(anonymous_8)
FN:168,(anonymous_9)
FN:180,(anonymous_10)
FNF:10
FNH:9
FNDA:6,(anonymous_1)
FNDA:6,(anonymous_2)
FNDA:6,(anonymous_3)
FNDA:1,(anonymous_4)
FNDA:1,(anonymous_5)
FNDA:10,(anonymous_6)
FNDA:3,(anonymous_7)
FNDA:0,(anonymous_8)
FNDA:90,(anonymous_9)
FNDA:1,(anonymous_10)
DA:1,1
DA:2,1
DA:3,1
DA:4,1
DA:5,1
DA:20,1
DA:21,6
DA:22,6
DA:23,6
DA:24,6
DA:26,6
DA:86,6
DA:87,6
DA:95,6
DA:96,6
DA:97,6
DA:102,6
DA:103,6
DA:104,6
DA:108,6
DA:109,1
DA:110,1
DA:111,1
DA:112,1
DA:114,1
DA:121,6
DA:122,1
DA:123,1
DA:125,1
DA:126,1
DA:129,1
DA:130,0
DA:132,1
DA:135,1
DA:143,10
DA:145,10
DA:146,10
DA:148,10
DA:152,3
DA:160,0
DA:169,90
DA:180,1
DA:193,1
LF:43
LH:41
BRDA:96,0,0,6
BRDA:103,1,0,6
BRDA:110,2,0,1
BRDA:125,3,0,1
BRDA:129,4,0,0
BRDA:129,4,1,1
BRDA:157,5,0,10
BRDA:157,5,1,4
BRDA:157,5,2,1
BRDA:177,6,0,10
BRDA:177,6,1,4
BRDA:177,6,2,4
BRF:12
BRH:11
end_of_record
TN:
SF:src\components\MovieCard\MovieCard.tsx
FN:17,(anonymous_10)
FN:29,(anonymous_11)
FN:37,(anonymous_12)
FN:49,(anonymous_13)
FN:70,(anonymous_14)
FNF:5
FNH:5
FNDA:14,(anonymous_10)
FNDA:3,(anonymous_11)
FNDA:4,(anonymous_12)
FNDA:2,(anonymous_13)
FNDA:1,(anonymous_14)
DA:1,1
DA:2,1
DA:3,1
DA:4,1
DA:5,1
DA:6,1
DA:17,1
DA:25,14
DA:26,14
DA:27,14
DA:29,14
DA:30,3
DA:31,3
DA:32,3
DA:33,2
DA:37,14
DA:38,4
DA:40,4
DA:41,2
DA:42,2
DA:45,2
DA:46,2
DA:49,14
DA:50,2
DA:56,14
DA:70,1
DA:107,1
LF:27
LH:27
BRDA:32,0,0,2
BRDA:40,1,0,2
BRDA:40,2,0,4
BRDA:40,2,1,3
BRDA:61,3,0,14
BRDA:61,3,1,4
BRDA:68,4,0,1
BRDA:68,4,1,13
BRDA:96,5,0,2
BRDA:96,5,1,12
BRDA:98,6,0,2
BRDA:98,6,1,12
BRDA:99,7,0,2
BRDA:99,7,1,12
BRF:14
BRH:14
end_of_record
TN:
SF:src\components\MoviePageList\MoviePageList.tsx
FN:18,(anonymous_10)
FN:39,(anonymous_11)
FN:45,(anonymous_12)
FN:51,(anonymous_13)
FN:52,(anonymous_14)
FN:81,(anonymous_15)
FN:85,(anonymous_16)
FN:97,(anonymous_17)
FN:101,(anonymous_18)
FN:120,(anonymous_19)
FN:138,(anonymous_20)
FNF:11
FNH:11
FNDA:35,(anonymous_10)
FNDA:11,(anonymous_11)
FNDA:16,(anonymous_12)
FNDA:18,(anonymous_13)
FNDA:18,(anonymous_14)
FNDA:18,(anonymous_15)
FNDA:3,(anonymous_16)
FNDA:350,(anonymous_17)
FNDA:3,(anonymous_18)
FNDA:36,(anonymous_19)
FNDA:2,(anonymous_20)
DA:1,1
DA:2,1
DA:3,1
DA:4,1
DA:5,1
DA:6,1
DA:7,1
DA:18,1
DA:19,35
DA:20,35
DA:21,35
DA:22,35
DA:23,35
DA:24,35
DA:26,35
DA:39,35
DA:40,11
DA:41,11
DA:45,35
DA:46,16
DA:51,35
DA:52,18
DA:53,18
DA:54,18
DA:57,18
DA:58,15
DA:59,13
DA:60,13
DA:62,3
DA:63,3
DA:64,3
DA:67,16
DA:69,1
DA:70,1
DA:71,1
DA:73,17
DA:77,18
DA:81,35
DA:82,18
DA:85,35
DA:86,3
DA:87,3
DA:90,35
DA:98,350
DA:101,3
DA:121,36
DA:138,2
DA:147,1
LF:48
LH:48
BRDA:40,0,0,11
BRDA:40,0,1,0
BRDA:57,1,0,15
BRDA:57,1,1,3
BRDA:67,2,0,16
BRDA:67,2,1,0
BRDA:100,3,0,35
BRDA:100,3,1,315
BRDA:109,4,0,15
BRDA:109,4,1,20
BRDA:115,5,0,2
BRDA:115,5,1,18
BRDA:133,6,0,35
BRDA:133,6,1,20
BRF:14
BRH:12
end_of_record
TN:
SF:src\pages\Login\Login.tsx
FN:50,(anonymous_1)
FN:55,(anonymous_2)
FN:63,(anonymous_3)
FN:125,(anonymous_4)
FN:131,(anonymous_5)
FN:159,(anonymous_6)
FNF:6
FNH:6
FNDA:159,(anonymous_1)
FNDA:159,(anonymous_2)
FNDA:6,(anonymous_3)
FNDA:160,(anonymous_4)
FNDA:177,(anonymous_5)
FNDA:2,(anonymous_6)
DA:1,1
DA:2,1
DA:3,1
DA:4,1
DA:5,1
DA:6,1
DA:7,1
DA:8,1
DA:9,1
DA:40,9
DA:50,9
DA:51,159
DA:52,159
DA:53,159
DA:55,159
DA:63,9
DA:64,6
DA:66,6
DA:68,6
DA:70,6
DA:72,6
DA:73,1
DA:74,1
DA:76,5
DA:77,1
DA:78,1
DA:81,6
DA:82,1
DA:83,1
DA:86,6
DA:88,6
DA:89,4
DA:90,4
DA:92,3
DA:93,2
DA:101,3
DA:102,3
DA:103,2
DA:110,3
DA:112,3
DA:113,2
DA:114,2
DA:117,3
DA:118,1
DA:119,1
DA:120,1
DA:125,9
DA:126,160
DA:127,1
DA:132,177
DA:134,177
DA:159,2
DA:187,1
LF:53
LH:53
BRDA:72,0,0,1
BRDA:72,0,1,5
BRDA:76,1,0,1
BRDA:81,2,0,1
BRDA:88,3,0,4
BRDA:92,4,0,2
BRDA:92,5,0,3
BRDA:92,5,1,2
BRDA:102,6,0,2
BRDA:112,7,0,2
BRDA:117,8,0,1
BRDA:126,9,0,1
BRDA:147,10,0,177
BRDA:147,10,1,2
BRDA:153,11,0,1
BRDA:153,11,1,176
BRDA:160,12,0,1
BRDA:160,12,1,176
BRDA:163,13,0,177
BRDA:163,13,1,1
BRDA:167,14,0,4
BRDA:167,14,1,173
BRDA:171,15,0,4
BRDA:171,15,1,173
BRF:24
BRH:24
end_of_record
