TN:
SF:src\components\MovieCard\MovieCard.tsx
FN:17,(anonymous_10)
FN:29,(anonymous_11)
FN:37,(anonymous_12)
FN:49,(anonymous_13)
FNF:4
FNH:1
FNDA:68,(anonymous_10)
FNDA:0,(anonymous_11)
FNDA:0,(anonymous_12)
FNDA:0,(anonymous_13)
DA:1,1
DA:2,1
DA:3,1
DA:4,1
DA:5,1
DA:6,1
DA:17,1
DA:25,68
DA:26,68
DA:27,68
DA:29,68
DA:30,0
DA:31,0
DA:32,0
DA:33,0
DA:37,68
DA:38,0
DA:40,0
DA:41,0
DA:42,0
DA:45,0
DA:46,0
DA:49,68
DA:50,0
DA:56,68
DA:107,1
LF:26
LH:15
BRDA:32,0,0,0
BRDA:40,1,0,0
BRDA:40,2,0,0
BRDA:40,2,1,0
BRDA:61,3,0,68
BRDA:61,3,1,68
BRDA:68,4,0,0
BRDA:68,4,1,68
BRDA:96,5,0,0
BRDA:96,5,1,68
BRDA:98,6,0,0
BRDA:98,6,1,68
BRDA:99,7,0,0
BRDA:99,7,1,68
BRF:14
BRH:6
end_of_record
TN:
SF:src\components\PremiumMovies\PremiumMovies.tsx
FN:19,(anonymous_10)
FN:42,(anonymous_11)
FN:48,(anonymous_12)
FN:54,(anonymous_13)
FN:55,(anonymous_14)
FN:64,(anonymous_15)
FN:67,(anonymous_16)
FN:88,(anonymous_17)
FN:92,(anonymous_18)
FN:104,(anonymous_19)
FN:108,(anonymous_20)
FN:127,(anonymous_21)
FN:145,(anonymous_22)
FNF:13
FNH:12
FNDA:26,(anonymous_10)
FNDA:6,(anonymous_11)
FNDA:6,(anonymous_12)
FNDA:7,(anonymous_13)
FNDA:7,(anonymous_14)
FNDA:75,(anonymous_15)
FNDA:15,(anonymous_16)
FNDA:7,(anonymous_17)
FNDA:1,(anonymous_18)
FNDA:260,(anonymous_19)
FNDA:1,(anonymous_20)
FNDA:68,(anonymous_21)
FNDA:0,(anonymous_22)
DA:1,1
DA:2,1
DA:3,1
DA:4,1
DA:5,1
DA:6,1
DA:7,1
DA:19,1
DA:20,26
DA:21,26
DA:22,26
DA:23,26
DA:24,26
DA:25,26
DA:26,26
DA:27,26
DA:29,26
DA:42,26
DA:43,6
DA:44,6
DA:48,26
DA:49,6
DA:54,26
DA:55,7
DA:56,7
DA:57,7
DA:59,7
DA:61,7
DA:62,6
DA:63,5
DA:64,75
DA:66,1
DA:67,15
DA:71,6
DA:73,6
DA:74,6
DA:75,6
DA:77,1
DA:78,1
DA:79,1
DA:81,7
DA:85,7
DA:88,26
DA:89,7
DA:92,26
DA:93,1
DA:94,1
DA:97,26
DA:105,260
DA:108,1
DA:128,68
DA:145,0
DA:154,1
LF:53
LH:52
BRDA:43,0,0,6
BRDA:43,0,1,1
BRDA:61,1,0,6
BRDA:61,1,1,1
BRDA:67,2,0,15
BRDA:67,2,1,15
BRDA:107,3,0,26
BRDA:107,3,1,234
BRDA:116,4,0,18
BRDA:116,4,1,8
BRDA:122,5,0,2
BRDA:122,5,1,6
BRDA:140,6,0,26
BRDA:140,6,1,8
BRF:14
BRH:14
end_of_record
